{
"contracts/interfaces/callback/IUniswapV3FlashCallback.sol":{"l":{},"path":"/Users/justin/repos/labrys/v3-core-project-x/contracts/interfaces/callback/IUniswapV3FlashCallback.sol","s":{},"b":{},"f":{},"fnMap":{},"statementMap":{},"branchMap":{}},
"contracts/interfaces/callback/IUniswapV3MintCallback.sol":{"l":{},"path":"/Users/justin/repos/labrys/v3-core-project-x/contracts/interfaces/callback/IUniswapV3MintCallback.sol","s":{},"b":{},"f":{},"fnMap":{},"statementMap":{},"branchMap":{}},
"contracts/interfaces/callback/IUniswapV3SwapCallback.sol":{"l":{},"path":"/Users/justin/repos/labrys/v3-core-project-x/contracts/interfaces/callback/IUniswapV3SwapCallback.sol","s":{},"b":{},"f":{},"fnMap":{},"statementMap":{},"branchMap":{}},
"contracts/interfaces/IERC20Minimal.sol":{"l":{},"path":"/Users/justin/repos/labrys/v3-core-project-x/contracts/interfaces/IERC20Minimal.sol","s":{},"b":{},"f":{},"fnMap":{},"statementMap":{},"branchMap":{}},
"contracts/interfaces/IUniswapV3Factory.sol":{"l":{},"path":"/Users/justin/repos/labrys/v3-core-project-x/contracts/interfaces/IUniswapV3Factory.sol","s":{},"b":{},"f":{},"fnMap":{},"statementMap":{},"branchMap":{}},
"contracts/interfaces/IUniswapV3Pool.sol":{"l":{},"path":"/Users/justin/repos/labrys/v3-core-project-x/contracts/interfaces/IUniswapV3Pool.sol","s":{},"b":{},"f":{},"fnMap":{},"statementMap":{},"branchMap":{}},
"contracts/interfaces/IUniswapV3PoolDeployer.sol":{"l":{},"path":"/Users/justin/repos/labrys/v3-core-project-x/contracts/interfaces/IUniswapV3PoolDeployer.sol","s":{},"b":{},"f":{},"fnMap":{},"statementMap":{},"branchMap":{}},
"contracts/interfaces/pool/IUniswapV3PoolActions.sol":{"l":{},"path":"/Users/justin/repos/labrys/v3-core-project-x/contracts/interfaces/pool/IUniswapV3PoolActions.sol","s":{},"b":{},"f":{},"fnMap":{},"statementMap":{},"branchMap":{}},
"contracts/interfaces/pool/IUniswapV3PoolDerivedState.sol":{"l":{},"path":"/Users/justin/repos/labrys/v3-core-project-x/contracts/interfaces/pool/IUniswapV3PoolDerivedState.sol","s":{},"b":{},"f":{},"fnMap":{},"statementMap":{},"branchMap":{}},
"contracts/interfaces/pool/IUniswapV3PoolEvents.sol":{"l":{},"path":"/Users/justin/repos/labrys/v3-core-project-x/contracts/interfaces/pool/IUniswapV3PoolEvents.sol","s":{},"b":{},"f":{},"fnMap":{},"statementMap":{},"branchMap":{}},
"contracts/interfaces/pool/IUniswapV3PoolImmutables.sol":{"l":{},"path":"/Users/justin/repos/labrys/v3-core-project-x/contracts/interfaces/pool/IUniswapV3PoolImmutables.sol","s":{},"b":{},"f":{},"fnMap":{},"statementMap":{},"branchMap":{}},
"contracts/interfaces/pool/IUniswapV3PoolOwnerActions.sol":{"l":{},"path":"/Users/justin/repos/labrys/v3-core-project-x/contracts/interfaces/pool/IUniswapV3PoolOwnerActions.sol","s":{},"b":{},"f":{},"fnMap":{},"statementMap":{},"branchMap":{}},
"contracts/interfaces/pool/IUniswapV3PoolState.sol":{"l":{},"path":"/Users/justin/repos/labrys/v3-core-project-x/contracts/interfaces/pool/IUniswapV3PoolState.sol","s":{},"b":{},"f":{},"fnMap":{},"statementMap":{},"branchMap":{}},
"contracts/libraries/BitMath.sol":{"l":{"14":0,"16":0,"17":0,"18":0,"20":0,"21":0,"22":0,"24":0,"25":0,"26":0,"28":0,"29":0,"30":0,"32":0,"33":0,"34":0,"36":0,"37":0,"38":0,"40":0,"41":0,"42":0,"44":0,"54":0,"56":0,"57":0,"58":0,"60":0,"62":0,"63":0,"65":0,"67":0,"68":0,"70":0,"72":0,"73":0,"75":0,"77":0,"78":0,"80":0,"82":0,"83":0,"85":0,"87":0,"88":0,"90":0,"92":0},"path":"/Users/justin/repos/labrys/v3-core-project-x/contracts/libraries/BitMath.sol","s":{"1":0,"2":0,"3":0,"4":0,"5":0,"6":0,"7":0,"8":0,"9":0,"10":0,"11":0,"12":0,"13":0,"14":0,"15":0,"16":0,"17":0,"18":0,"19":0,"20":0,"21":0,"22":0,"23":0,"24":0,"25":0,"26":0,"27":0,"28":0,"29":0,"30":0,"31":0,"32":0,"33":0,"34":0,"35":0,"36":0,"37":0,"38":0,"39":0,"40":0,"41":0,"42":0,"43":0,"44":0,"45":0,"46":0,"47":0,"48":0,"49":0},"b":{"1":[0,0],"2":[0,0],"3":[0,0],"4":[0,0],"5":[0,0],"6":[0,0],"7":[0,0],"8":[0,0],"9":[0,0],"10":[0,0],"11":[0,0],"12":[0,0],"13":[0,0],"14":[0,0],"15":[0,0],"16":[0,0],"17":[0,0],"18":[0,0]},"f":{"1":0,"2":0},"fnMap":{"1":{"name":"mostSignificantBit","line":13,"loc":{"start":{"line":13,"column":4},"end":{"line":45,"column":4}}},"2":{"name":"leastSignificantBit","line":53,"loc":{"start":{"line":53,"column":4},"end":{"line":93,"column":4}}}},"statementMap":{"1":{"start":{"line":14,"column":8},"end":{"line":14,"column":21}},"2":{"start":{"line":16,"column":8},"end":{"line":16,"column":786}},"3":{"start":{"line":17,"column":12},"end":{"line":17,"column":20}},"4":{"start":{"line":18,"column":12},"end":{"line":18,"column":19}},"5":{"start":{"line":20,"column":8},"end":{"line":20,"column":897}},"6":{"start":{"line":21,"column":12},"end":{"line":21,"column":19}},"7":{"start":{"line":22,"column":12},"end":{"line":22,"column":18}},"8":{"start":{"line":24,"column":8},"end":{"line":24,"column":990}},"9":{"start":{"line":25,"column":12},"end":{"line":25,"column":19}},"10":{"start":{"line":26,"column":12},"end":{"line":26,"column":18}},"11":{"start":{"line":28,"column":8},"end":{"line":28,"column":1075}},"12":{"start":{"line":29,"column":12},"end":{"line":29,"column":19}},"13":{"start":{"line":30,"column":12},"end":{"line":30,"column":18}},"14":{"start":{"line":32,"column":8},"end":{"line":32,"column":1156}},"15":{"start":{"line":33,"column":12},"end":{"line":33,"column":18}},"16":{"start":{"line":34,"column":12},"end":{"line":34,"column":17}},"17":{"start":{"line":36,"column":8},"end":{"line":36,"column":1233}},"18":{"start":{"line":37,"column":12},"end":{"line":37,"column":18}},"19":{"start":{"line":38,"column":12},"end":{"line":38,"column":17}},"20":{"start":{"line":40,"column":8},"end":{"line":40,"column":1309}},"21":{"start":{"line":41,"column":12},"end":{"line":41,"column":18}},"22":{"start":{"line":42,"column":12},"end":{"line":42,"column":17}},"23":{"start":{"line":44,"column":8},"end":{"line":44,"column":28}},"24":{"start":{"line":44,"column":22},"end":{"line":44,"column":27}},"25":{"start":{"line":54,"column":8},"end":{"line":54,"column":21}},"26":{"start":{"line":56,"column":8},"end":{"line":56,"column":14}},"27":{"start":{"line":57,"column":8},"end":{"line":57,"column":2026}},"28":{"start":{"line":58,"column":12},"end":{"line":58,"column":19}},"29":{"start":{"line":60,"column":12},"end":{"line":60,"column":20}},"30":{"start":{"line":62,"column":8},"end":{"line":62,"column":2139}},"31":{"start":{"line":63,"column":12},"end":{"line":63,"column":18}},"32":{"start":{"line":65,"column":12},"end":{"line":65,"column":19}},"33":{"start":{"line":67,"column":8},"end":{"line":67,"column":2249}},"34":{"start":{"line":68,"column":12},"end":{"line":68,"column":18}},"35":{"start":{"line":70,"column":12},"end":{"line":70,"column":19}},"36":{"start":{"line":72,"column":8},"end":{"line":72,"column":2359}},"37":{"start":{"line":73,"column":12},"end":{"line":73,"column":18}},"38":{"start":{"line":75,"column":12},"end":{"line":75,"column":19}},"39":{"start":{"line":77,"column":8},"end":{"line":77,"column":2469}},"40":{"start":{"line":78,"column":12},"end":{"line":78,"column":17}},"41":{"start":{"line":80,"column":12},"end":{"line":80,"column":18}},"42":{"start":{"line":82,"column":8},"end":{"line":82,"column":2576}},"43":{"start":{"line":83,"column":12},"end":{"line":83,"column":17}},"44":{"start":{"line":85,"column":12},"end":{"line":85,"column":18}},"45":{"start":{"line":87,"column":8},"end":{"line":87,"column":2671}},"46":{"start":{"line":88,"column":12},"end":{"line":88,"column":17}},"47":{"start":{"line":90,"column":12},"end":{"line":90,"column":18}},"48":{"start":{"line":92,"column":8},"end":{"line":92,"column":31}},"49":{"start":{"line":92,"column":25},"end":{"line":92,"column":30}}},"branchMap":{"1":{"line":14,"type":"if","locations":[{"start":{"line":14,"column":8},"end":{"line":14,"column":8}},{"start":{"line":14,"column":8},"end":{"line":14,"column":8}}]},"2":{"line":16,"type":"if","locations":[{"start":{"line":16,"column":8},"end":{"line":16,"column":8}},{"start":{"line":16,"column":8},"end":{"line":16,"column":8}}]},"3":{"line":20,"type":"if","locations":[{"start":{"line":20,"column":8},"end":{"line":20,"column":8}},{"start":{"line":20,"column":8},"end":{"line":20,"column":8}}]},"4":{"line":24,"type":"if","locations":[{"start":{"line":24,"column":8},"end":{"line":24,"column":8}},{"start":{"line":24,"column":8},"end":{"line":24,"column":8}}]},"5":{"line":28,"type":"if","locations":[{"start":{"line":28,"column":8},"end":{"line":28,"column":8}},{"start":{"line":28,"column":8},"end":{"line":28,"column":8}}]},"6":{"line":32,"type":"if","locations":[{"start":{"line":32,"column":8},"end":{"line":32,"column":8}},{"start":{"line":32,"column":8},"end":{"line":32,"column":8}}]},"7":{"line":36,"type":"if","locations":[{"start":{"line":36,"column":8},"end":{"line":36,"column":8}},{"start":{"line":36,"column":8},"end":{"line":36,"column":8}}]},"8":{"line":40,"type":"if","locations":[{"start":{"line":40,"column":8},"end":{"line":40,"column":8}},{"start":{"line":40,"column":8},"end":{"line":40,"column":8}}]},"9":{"line":44,"type":"if","locations":[{"start":{"line":44,"column":8},"end":{"line":44,"column":8}},{"start":{"line":44,"column":8},"end":{"line":44,"column":8}}]},"10":{"line":54,"type":"if","locations":[{"start":{"line":54,"column":8},"end":{"line":54,"column":8}},{"start":{"line":54,"column":8},"end":{"line":54,"column":8}}]},"11":{"line":57,"type":"if","locations":[{"start":{"line":57,"column":8},"end":{"line":57,"column":8}},{"start":{"line":57,"column":8},"end":{"line":57,"column":8}}]},"12":{"line":62,"type":"if","locations":[{"start":{"line":62,"column":8},"end":{"line":62,"column":8}},{"start":{"line":62,"column":8},"end":{"line":62,"column":8}}]},"13":{"line":67,"type":"if","locations":[{"start":{"line":67,"column":8},"end":{"line":67,"column":8}},{"start":{"line":67,"column":8},"end":{"line":67,"column":8}}]},"14":{"line":72,"type":"if","locations":[{"start":{"line":72,"column":8},"end":{"line":72,"column":8}},{"start":{"line":72,"column":8},"end":{"line":72,"column":8}}]},"15":{"line":77,"type":"if","locations":[{"start":{"line":77,"column":8},"end":{"line":77,"column":8}},{"start":{"line":77,"column":8},"end":{"line":77,"column":8}}]},"16":{"line":82,"type":"if","locations":[{"start":{"line":82,"column":8},"end":{"line":82,"column":8}},{"start":{"line":82,"column":8},"end":{"line":82,"column":8}}]},"17":{"line":87,"type":"if","locations":[{"start":{"line":87,"column":8},"end":{"line":87,"column":8}},{"start":{"line":87,"column":8},"end":{"line":87,"column":8}}]},"18":{"line":92,"type":"if","locations":[{"start":{"line":92,"column":8},"end":{"line":92,"column":8}},{"start":{"line":92,"column":8},"end":{"line":92,"column":8}}]}}},
"contracts/libraries/FixedPoint128.sol":{"l":{},"path":"/Users/justin/repos/labrys/v3-core-project-x/contracts/libraries/FixedPoint128.sol","s":{},"b":{},"f":{},"fnMap":{},"statementMap":{},"branchMap":{}},
"contracts/libraries/FixedPoint96.sol":{"l":{},"path":"/Users/justin/repos/labrys/v3-core-project-x/contracts/libraries/FixedPoint96.sol","s":{},"b":{},"f":{},"fnMap":{},"statementMap":{},"branchMap":{}},
"contracts/libraries/FullMath.sol":{"l":{"24":0,"25":0,"26":0,"33":0,"34":0,"35":0,"38":0,"43":0,"51":0,"52":0,"56":0,"64":0,"66":0,"71":0,"77":0,"80":0,"87":0,"91":0,"92":0,"93":0,"94":0,"95":0,"96":0,"104":0,"105":0,"118":0,"119":0,"120":0,"121":0},"path":"/Users/justin/repos/labrys/v3-core-project-x/contracts/libraries/FullMath.sol","s":{"1":0,"2":0,"3":0,"4":0,"5":0,"6":0,"7":0,"8":0,"9":0,"10":0,"11":0,"12":0,"13":0,"14":0,"15":0,"16":0,"17":0,"18":0,"19":0,"20":0,"21":0},"b":{"1":[0,0],"2":[0,0],"3":[0,0],"4":[0,0],"5":[0,0]},"f":{"1":0,"2":0},"fnMap":{"1":{"name":"mulDiv","line":14,"loc":{"start":{"line":14,"column":4},"end":{"line":106,"column":4}}},"2":{"name":"mulDivRoundingUp","line":113,"loc":{"start":{"line":113,"column":4},"end":{"line":123,"column":4}}}},"statementMap":{"1":{"start":{"line":24,"column":8},"end":{"line":24,"column":21}},"2":{"start":{"line":25,"column":8},"end":{"line":25,"column":21}},"3":{"start":{"line":33,"column":8},"end":{"line":33,"column":1550}},"4":{"start":{"line":34,"column":12},"end":{"line":34,"column":35}},"5":{"start":{"line":38,"column":12},"end":{"line":38,"column":25}},"6":{"start":{"line":43,"column":8},"end":{"line":43,"column":35}},"7":{"start":{"line":51,"column":8},"end":{"line":51,"column":25}},"8":{"start":{"line":64,"column":8},"end":{"line":64,"column":49}},"9":{"start":{"line":80,"column":8},"end":{"line":80,"column":28}},"10":{"start":{"line":87,"column":8},"end":{"line":87,"column":43}},"11":{"start":{"line":91,"column":8},"end":{"line":91,"column":35}},"12":{"start":{"line":92,"column":8},"end":{"line":92,"column":35}},"13":{"start":{"line":93,"column":8},"end":{"line":93,"column":35}},"14":{"start":{"line":94,"column":8},"end":{"line":94,"column":35}},"15":{"start":{"line":95,"column":8},"end":{"line":95,"column":35}},"16":{"start":{"line":96,"column":8},"end":{"line":96,"column":35}},"17":{"start":{"line":104,"column":8},"end":{"line":104,"column":27}},"18":{"start":{"line":105,"column":8},"end":{"line":105,"column":21}},"19":{"start":{"line":118,"column":8},"end":{"line":118,"column":41}},"20":{"start":{"line":119,"column":8},"end":{"line":119,"column":5004}},"21":{"start":{"line":120,"column":12},"end":{"line":120,"column":46}}},"branchMap":{"1":{"line":33,"type":"if","locations":[{"start":{"line":33,"column":8},"end":{"line":33,"column":8}},{"start":{"line":33,"column":8},"end":{"line":33,"column":8}}]},"2":{"line":34,"type":"if","locations":[{"start":{"line":34,"column":12},"end":{"line":34,"column":12}},{"start":{"line":34,"column":12},"end":{"line":34,"column":12}}]},"3":{"line":43,"type":"if","locations":[{"start":{"line":43,"column":8},"end":{"line":43,"column":8}},{"start":{"line":43,"column":8},"end":{"line":43,"column":8}}]},"4":{"line":119,"type":"if","locations":[{"start":{"line":119,"column":8},"end":{"line":119,"column":8}},{"start":{"line":119,"column":8},"end":{"line":119,"column":8}}]},"5":{"line":120,"type":"if","locations":[{"start":{"line":120,"column":12},"end":{"line":120,"column":12}},{"start":{"line":120,"column":12},"end":{"line":120,"column":12}}]}}},
"contracts/libraries/LiquidityMath.sol":{"l":{"11":0,"12":0,"14":0},"path":"/Users/justin/repos/labrys/v3-core-project-x/contracts/libraries/LiquidityMath.sol","s":{"1":0,"2":0,"3":0},"b":{"1":[0,0],"2":[0,0],"3":[0,0]},"f":{"1":0},"fnMap":{"1":{"name":"addDelta","line":10,"loc":{"start":{"line":10,"column":4},"end":{"line":16,"column":4}}}},"statementMap":{"1":{"start":{"line":11,"column":8},"end":{"line":11,"column":475}},"2":{"start":{"line":12,"column":12},"end":{"line":12,"column":51}},"3":{"start":{"line":14,"column":12},"end":{"line":14,"column":51}}},"branchMap":{"1":{"line":11,"type":"if","locations":[{"start":{"line":11,"column":8},"end":{"line":11,"column":8}},{"start":{"line":11,"column":8},"end":{"line":11,"column":8}}]},"2":{"line":12,"type":"if","locations":[{"start":{"line":12,"column":12},"end":{"line":12,"column":12}},{"start":{"line":12,"column":12},"end":{"line":12,"column":12}}]},"3":{"line":14,"type":"if","locations":[{"start":{"line":14,"column":12},"end":{"line":14,"column":12}},{"start":{"line":14,"column":12},"end":{"line":14,"column":12}}]}}},
"contracts/libraries/LowGasSafeMath.sol":{"l":{"12":0,"20":0,"28":0,"36":0,"44":0},"path":"/Users/justin/repos/labrys/v3-core-project-x/contracts/libraries/LowGasSafeMath.sol","s":{"1":0,"2":0,"3":0,"4":0,"5":0},"b":{"1":[0,0],"2":[0,0],"3":[0,0],"4":[0,0],"5":[0,0]},"f":{"1":0,"2":0,"3":0,"4":0,"5":0},"fnMap":{"1":{"name":"add","line":11,"loc":{"start":{"line":11,"column":4},"end":{"line":13,"column":4}}},"2":{"name":"sub","line":19,"loc":{"start":{"line":19,"column":4},"end":{"line":21,"column":4}}},"3":{"name":"mul","line":27,"loc":{"start":{"line":27,"column":4},"end":{"line":29,"column":4}}},"4":{"name":"add","line":35,"loc":{"start":{"line":35,"column":4},"end":{"line":37,"column":4}}},"5":{"name":"sub","line":43,"loc":{"start":{"line":43,"column":4},"end":{"line":45,"column":4}}}},"statementMap":{"1":{"start":{"line":12,"column":8},"end":{"line":12,"column":32}},"2":{"start":{"line":20,"column":8},"end":{"line":20,"column":32}},"3":{"start":{"line":28,"column":8},"end":{"line":28,"column":46}},"4":{"start":{"line":36,"column":8},"end":{"line":36,"column":44}},"5":{"start":{"line":44,"column":8},"end":{"line":44,"column":44}}},"branchMap":{"1":{"line":12,"type":"if","locations":[{"start":{"line":12,"column":8},"end":{"line":12,"column":8}},{"start":{"line":12,"column":8},"end":{"line":12,"column":8}}]},"2":{"line":20,"type":"if","locations":[{"start":{"line":20,"column":8},"end":{"line":20,"column":8}},{"start":{"line":20,"column":8},"end":{"line":20,"column":8}}]},"3":{"line":28,"type":"if","locations":[{"start":{"line":28,"column":8},"end":{"line":28,"column":8}},{"start":{"line":28,"column":8},"end":{"line":28,"column":8}}]},"4":{"line":36,"type":"if","locations":[{"start":{"line":36,"column":8},"end":{"line":36,"column":8}},{"start":{"line":36,"column":8},"end":{"line":36,"column":8}}]},"5":{"line":44,"type":"if","locations":[{"start":{"line":44,"column":8},"end":{"line":44,"column":8}},{"start":{"line":44,"column":8},"end":{"line":44,"column":8}}]}}},
"contracts/libraries/Oracle.sol":{"l":{"36":0,"37":0,"56":0,"62":0,"87":0,"90":0,"93":0,"94":0,"96":0,"99":0,"100":0,"113":0,"115":0,"118":0,"119":0,"134":0,"136":0,"137":0,"139":0,"160":0,"161":0,"162":0,"163":0,"164":0,"166":0,"169":0,"170":0,"171":0,"174":0,"176":0,"179":0,"181":0,"208":0,"211":0,"212":0,"214":0,"217":0,"222":0,"223":0,"226":0,"229":0,"254":0,"255":0,"256":0,"257":0,"260":0,"262":0,"265":0,"267":0,"270":0,"273":0,"274":0,"275":0,"309":0,"311":0,"312":0,"313":0,"314":0},"path":"/Users/justin/repos/labrys/v3-core-project-x/contracts/libraries/Oracle.sol","s":{"1":0,"2":0,"3":0,"4":0,"5":0,"6":0,"7":0,"8":0,"9":0,"10":0,"11":0,"12":0,"13":0,"14":0,"15":0,"16":0,"17":0,"18":0,"19":0,"20":0,"21":0,"22":0,"23":0,"24":0,"25":0,"26":0,"27":0,"28":0,"29":0,"30":0,"31":0,"32":0,"33":0,"34":0,"35":0,"36":0,"37":0,"38":0,"39":0,"40":0,"41":0,"42":0,"43":0,"44":0,"45":0,"46":0,"47":0,"48":0,"49":0,"50":0,"51":0,"52":0,"53":0,"54":0,"55":0,"56":0,"57":0,"58":0,"59":0,"60":0,"61":0,"62":0,"63":0,"64":0,"65":0,"66":0},"b":{"1":[0,0],"2":[0,0],"3":[0,0],"4":[0,0],"5":[0,0],"6":[0,0],"7":[0,0],"8":[0,0],"9":[0,0],"10":[0,0],"11":[0,0],"12":[0,0],"13":[0,0],"14":[0,0],"15":[0,0],"16":[0,0],"17":[0,0]},"f":{"1":0,"2":0,"3":0,"4":0,"5":0,"6":0,"7":0,"8":0,"9":0},"fnMap":{"1":{"name":"transform","line":30,"loc":{"start":{"line":30,"column":4},"end":{"line":45,"column":4}}},"2":{"name":"initialize","line":52,"loc":{"start":{"line":52,"column":4},"end":{"line":63,"column":4}}},"3":{"name":"write","line":78,"loc":{"start":{"line":78,"column":4},"end":{"line":101,"column":4}}},"4":{"name":"grow","line":108,"loc":{"start":{"line":108,"column":4},"end":{"line":120,"column":4}}},"5":{"name":"lte","line":128,"loc":{"start":{"line":128,"column":4},"end":{"line":140,"column":4}}},"6":{"name":"binarySearch","line":153,"loc":{"start":{"line":153,"column":4},"end":{"line":184,"column":4}}},"7":{"name":"getSurroundingObservations","line":198,"loc":{"start":{"line":198,"column":4},"end":{"line":230,"column":4}}},"8":{"name":"observeSingle","line":245,"loc":{"start":{"line":245,"column":4},"end":{"line":287,"column":4}}},"9":{"name":"observe","line":300,"loc":{"start":{"line":300,"column":4},"end":{"line":324,"column":4}}}},"statementMap":{"1":{"start":{"line":36,"column":8},"end":{"line":36,"column":59}},"2":{"start":{"line":37,"column":8},"end":{"line":37,"column":2075}},"3":{"start":{"line":56,"column":8},"end":{"line":56,"column":3063}},"4":{"start":{"line":62,"column":8},"end":{"line":62,"column":21}},"5":{"start":{"line":87,"column":8},"end":{"line":87,"column":45}},"6":{"start":{"line":90,"column":8},"end":{"line":90,"column":78}},"7":{"start":{"line":90,"column":51},"end":{"line":90,"column":78}},"8":{"start":{"line":93,"column":8},"end":{"line":93,"column":5018}},"9":{"start":{"line":94,"column":12},"end":{"line":94,"column":47}},"10":{"start":{"line":96,"column":12},"end":{"line":96,"column":43}},"11":{"start":{"line":99,"column":8},"end":{"line":99,"column":54}},"12":{"start":{"line":100,"column":8},"end":{"line":100,"column":76}},"13":{"start":{"line":113,"column":8},"end":{"line":113,"column":32}},"14":{"start":{"line":115,"column":8},"end":{"line":115,"column":43}},"15":{"start":{"line":115,"column":29},"end":{"line":115,"column":43}},"16":{"start":{"line":118,"column":8},"end":{"line":118,"column":74}},"17":{"start":{"line":118,"column":48},"end":{"line":118,"column":73}},"18":{"start":{"line":119,"column":8},"end":{"line":119,"column":19}},"19":{"start":{"line":134,"column":8},"end":{"line":134,"column":49}},"20":{"start":{"line":134,"column":36},"end":{"line":134,"column":49}},"21":{"start":{"line":136,"column":8},"end":{"line":136,"column":52}},"22":{"start":{"line":137,"column":8},"end":{"line":137,"column":52}},"23":{"start":{"line":139,"column":8},"end":{"line":139,"column":37}},"24":{"start":{"line":160,"column":8},"end":{"line":160,"column":45}},"25":{"start":{"line":161,"column":8},"end":{"line":161,"column":39}},"26":{"start":{"line":162,"column":8},"end":{"line":162,"column":17}},"27":{"start":{"line":163,"column":8},"end":{"line":163,"column":8445}},"28":{"start":{"line":164,"column":12},"end":{"line":164,"column":26}},"29":{"start":{"line":166,"column":12},"end":{"line":166,"column":45}},"30":{"start":{"line":169,"column":12},"end":{"line":169,"column":8647}},"31":{"start":{"line":170,"column":16},"end":{"line":170,"column":24}},"32":{"start":{"line":174,"column":12},"end":{"line":174,"column":50}},"33":{"start":{"line":176,"column":12},"end":{"line":176,"column":79}},"34":{"start":{"line":179,"column":12},"end":{"line":179,"column":85}},"35":{"start":{"line":181,"column":12},"end":{"line":181,"column":9044}},"36":{"start":{"line":181,"column":34},"end":{"line":181,"column":42}},"37":{"start":{"line":182,"column":17},"end":{"line":182,"column":25}},"38":{"start":{"line":208,"column":8},"end":{"line":208,"column":31}},"39":{"start":{"line":211,"column":8},"end":{"line":211,"column":10641}},"40":{"start":{"line":212,"column":12},"end":{"line":212,"column":10709}},"41":{"start":{"line":214,"column":16},"end":{"line":214,"column":46}},"42":{"start":{"line":217,"column":16},"end":{"line":217,"column":83}},"43":{"start":{"line":222,"column":8},"end":{"line":222,"column":51}},"44":{"start":{"line":223,"column":8},"end":{"line":223,"column":57}},"45":{"start":{"line":223,"column":37},"end":{"line":223,"column":56}},"46":{"start":{"line":226,"column":8},"end":{"line":226,"column":67}},"47":{"start":{"line":229,"column":8},"end":{"line":229,"column":67}},"48":{"start":{"line":254,"column":8},"end":{"line":254,"column":12975}},"49":{"start":{"line":255,"column":12},"end":{"line":255,"column":49}},"50":{"start":{"line":256,"column":12},"end":{"line":256,"column":90}},"51":{"start":{"line":256,"column":45},"end":{"line":256,"column":89}},"52":{"start":{"line":257,"column":12},"end":{"line":257,"column":80}},"53":{"start":{"line":260,"column":8},"end":{"line":260,"column":41}},"54":{"start":{"line":262,"column":8},"end":{"line":262,"column":13373}},"55":{"start":{"line":265,"column":8},"end":{"line":265,"column":13456}},"56":{"start":{"line":267,"column":12},"end":{"line":267,"column":92}},"57":{"start":{"line":268,"column":15},"end":{"line":268,"column":13650}},"58":{"start":{"line":270,"column":12},"end":{"line":270,"column":90}},"59":{"start":{"line":273,"column":12},"end":{"line":273,"column":94}},"60":{"start":{"line":274,"column":12},"end":{"line":274,"column":67}},"61":{"start":{"line":275,"column":12},"end":{"line":275,"column":14061}},"62":{"start":{"line":309,"column":8},"end":{"line":309,"column":36}},"63":{"start":{"line":311,"column":8},"end":{"line":311,"column":56}},"64":{"start":{"line":312,"column":8},"end":{"line":312,"column":77}},"65":{"start":{"line":313,"column":8},"end":{"line":313,"column":16075}},"66":{"start":{"line":314,"column":12},"end":{"line":314,"column":16142}}},"branchMap":{"1":{"line":90,"type":"if","locations":[{"start":{"line":90,"column":8},"end":{"line":90,"column":8}},{"start":{"line":90,"column":8},"end":{"line":90,"column":8}}]},"2":{"line":93,"type":"if","locations":[{"start":{"line":93,"column":8},"end":{"line":93,"column":8}},{"start":{"line":93,"column":8},"end":{"line":93,"column":8}}]},"3":{"line":113,"type":"if","locations":[{"start":{"line":113,"column":8},"end":{"line":113,"column":8}},{"start":{"line":113,"column":8},"end":{"line":113,"column":8}}]},"4":{"line":115,"type":"if","locations":[{"start":{"line":115,"column":8},"end":{"line":115,"column":8}},{"start":{"line":115,"column":8},"end":{"line":115,"column":8}}]},"5":{"line":134,"type":"if","locations":[{"start":{"line":134,"column":8},"end":{"line":134,"column":8}},{"start":{"line":134,"column":8},"end":{"line":134,"column":8}}]},"6":{"line":169,"type":"if","locations":[{"start":{"line":169,"column":12},"end":{"line":169,"column":12}},{"start":{"line":169,"column":12},"end":{"line":169,"column":12}}]},"7":{"line":179,"type":"if","locations":[{"start":{"line":179,"column":12},"end":{"line":179,"column":12}},{"start":{"line":179,"column":12},"end":{"line":179,"column":12}}]},"8":{"line":181,"type":"if","locations":[{"start":{"line":181,"column":12},"end":{"line":181,"column":12}},{"start":{"line":181,"column":12},"end":{"line":181,"column":12}}]},"9":{"line":211,"type":"if","locations":[{"start":{"line":211,"column":8},"end":{"line":211,"column":8}},{"start":{"line":211,"column":8},"end":{"line":211,"column":8}}]},"10":{"line":212,"type":"if","locations":[{"start":{"line":212,"column":12},"end":{"line":212,"column":12}},{"start":{"line":212,"column":12},"end":{"line":212,"column":12}}]},"11":{"line":223,"type":"if","locations":[{"start":{"line":223,"column":8},"end":{"line":223,"column":8}},{"start":{"line":223,"column":8},"end":{"line":223,"column":8}}]},"12":{"line":226,"type":"if","locations":[{"start":{"line":226,"column":8},"end":{"line":226,"column":8}},{"start":{"line":226,"column":8},"end":{"line":226,"column":8}}]},"13":{"line":254,"type":"if","locations":[{"start":{"line":254,"column":8},"end":{"line":254,"column":8}},{"start":{"line":254,"column":8},"end":{"line":254,"column":8}}]},"14":{"line":256,"type":"if","locations":[{"start":{"line":256,"column":12},"end":{"line":256,"column":12}},{"start":{"line":256,"column":12},"end":{"line":256,"column":12}}]},"15":{"line":265,"type":"if","locations":[{"start":{"line":265,"column":8},"end":{"line":265,"column":8}},{"start":{"line":265,"column":8},"end":{"line":265,"column":8}}]},"16":{"line":268,"type":"if","locations":[{"start":{"line":268,"column":15},"end":{"line":268,"column":15}},{"start":{"line":268,"column":15},"end":{"line":268,"column":15}}]},"17":{"line":309,"type":"if","locations":[{"start":{"line":309,"column":8},"end":{"line":309,"column":8}},{"start":{"line":309,"column":8},"end":{"line":309,"column":8}}]}}},
"contracts/libraries/Position.sol":{"l":{"36":0,"50":0,"52":0,"53":0,"54":0,"55":0,"57":0,"61":0,"69":0,"79":0,"80":0,"81":0,"82":0,"84":0,"85":0},"path":"/Users/justin/repos/labrys/v3-core-project-x/contracts/libraries/Position.sol","s":{"1":0,"2":0,"3":0,"4":0,"5":0,"6":0,"7":0,"8":0,"9":0,"10":0,"11":0,"12":0,"13":0,"14":0,"15":0,"16":0},"b":{"1":[0,0],"2":[0,0],"3":[0,0],"4":[0,0]},"f":{"1":0,"2":0},"fnMap":{"1":{"name":"get","line":30,"loc":{"start":{"line":30,"column":4},"end":{"line":37,"column":4}}},"2":{"name":"update","line":44,"loc":{"start":{"line":44,"column":4},"end":{"line":87,"column":4}}}},"statementMap":{"1":{"start":{"line":36,"column":8},"end":{"line":36,"column":80}},"2":{"start":{"line":50,"column":8},"end":{"line":50,"column":32}},"3":{"start":{"line":52,"column":8},"end":{"line":52,"column":29}},"4":{"start":{"line":53,"column":8},"end":{"line":53,"column":2267}},"5":{"start":{"line":54,"column":12},"end":{"line":54,"column":45}},"6":{"start":{"line":55,"column":12},"end":{"line":55,"column":42}},"7":{"start":{"line":57,"column":12},"end":{"line":57,"column":82}},"8":{"start":{"line":61,"column":8},"end":{"line":61,"column":2595}},"9":{"start":{"line":69,"column":8},"end":{"line":69,"column":2863}},"10":{"start":{"line":79,"column":8},"end":{"line":79,"column":63}},"11":{"start":{"line":79,"column":33},"end":{"line":79,"column":62}},"12":{"start":{"line":80,"column":8},"end":{"line":80,"column":59}},"13":{"start":{"line":81,"column":8},"end":{"line":81,"column":59}},"14":{"start":{"line":82,"column":8},"end":{"line":82,"column":3347}},"15":{"start":{"line":84,"column":12},"end":{"line":84,"column":42}},"16":{"start":{"line":85,"column":12},"end":{"line":85,"column":42}}},"branchMap":{"1":{"line":53,"type":"if","locations":[{"start":{"line":53,"column":8},"end":{"line":53,"column":8}},{"start":{"line":53,"column":8},"end":{"line":53,"column":8}}]},"2":{"line":54,"type":"if","locations":[{"start":{"line":54,"column":12},"end":{"line":54,"column":12}},{"start":{"line":54,"column":12},"end":{"line":54,"column":12}}]},"3":{"line":79,"type":"if","locations":[{"start":{"line":79,"column":8},"end":{"line":79,"column":8}},{"start":{"line":79,"column":8},"end":{"line":79,"column":8}}]},"4":{"line":82,"type":"if","locations":[{"start":{"line":82,"column":8},"end":{"line":82,"column":8}},{"start":{"line":82,"column":8},"end":{"line":82,"column":8}}]}}},
"contracts/libraries/SafeCast.sol":{"l":{"11":0,"18":0,"25":0,"26":0},"path":"/Users/justin/repos/labrys/v3-core-project-x/contracts/libraries/SafeCast.sol","s":{"1":0,"2":0,"3":0,"4":0},"b":{"1":[0,0],"2":[0,0],"3":[0,0]},"f":{"1":0,"2":0,"3":0},"fnMap":{"1":{"name":"toUint160","line":10,"loc":{"start":{"line":10,"column":4},"end":{"line":12,"column":4}}},"2":{"name":"toInt128","line":17,"loc":{"start":{"line":17,"column":4},"end":{"line":19,"column":4}}},"3":{"name":"toInt256","line":24,"loc":{"start":{"line":24,"column":4},"end":{"line":27,"column":4}}}},"statementMap":{"1":{"start":{"line":11,"column":8},"end":{"line":11,"column":37}},"2":{"start":{"line":18,"column":8},"end":{"line":18,"column":36}},"3":{"start":{"line":25,"column":8},"end":{"line":25,"column":26}},"4":{"start":{"line":26,"column":8},"end":{"line":26,"column":20}}},"branchMap":{"1":{"line":11,"type":"if","locations":[{"start":{"line":11,"column":8},"end":{"line":11,"column":8}},{"start":{"line":11,"column":8},"end":{"line":11,"column":8}}]},"2":{"line":18,"type":"if","locations":[{"start":{"line":18,"column":8},"end":{"line":18,"column":8}},{"start":{"line":18,"column":8},"end":{"line":18,"column":8}}]},"3":{"line":25,"type":"if","locations":[{"start":{"line":25,"column":8},"end":{"line":25,"column":8}},{"start":{"line":25,"column":8},"end":{"line":25,"column":8}}]}}},
"contracts/libraries/SqrtPriceMath.sol":{"l":{"35":0,"36":0,"38":0,"39":0,"40":0,"41":0,"42":0,"44":0,"47":0,"49":0,"52":0,"53":0,"54":0,"76":0,"77":0,"84":0,"86":0,"93":0,"95":0,"112":0,"113":0,"116":0,"135":0,"136":0,"139":0,"159":0,"161":0,"162":0,"164":0,"166":0,"188":0,"190":0,"206":0,"222":0},"path":"/Users/justin/repos/labrys/v3-core-project-x/contracts/libraries/SqrtPriceMath.sol","s":{"1":0,"2":0,"3":0,"4":0,"5":0,"6":0,"7":0,"8":0,"9":0,"10":0,"11":0,"12":0,"13":0,"14":0,"15":0,"16":0,"17":0,"18":0,"19":0,"20":0,"21":0,"22":0,"23":0,"24":0,"25":0,"26":0,"27":0,"28":0,"29":0,"30":0,"31":0,"32":0,"33":0,"34":0,"35":0,"36":0,"37":0},"b":{"1":[0,0],"2":[0,0],"3":[0,0],"4":[0,0],"5":[0,0],"6":[0,0],"7":[0,0],"8":[0,0],"9":[0,0],"10":[0,0],"11":[0,0],"12":[0,0],"13":[0,0],"14":[0,0]},"f":{"1":0,"2":0,"3":0,"4":0,"5":0,"6":0,"7":0,"8":0},"fnMap":{"1":{"name":"getNextSqrtPriceFromAmount0RoundingUp","line":28,"loc":{"start":{"line":28,"column":4},"end":{"line":56,"column":4}}},"2":{"name":"getNextSqrtPriceFromAmount1RoundingDown","line":68,"loc":{"start":{"line":68,"column":4},"end":{"line":97,"column":4}}},"3":{"name":"getNextSqrtPriceFromInput","line":106,"loc":{"start":{"line":106,"column":4},"end":{"line":120,"column":4}}},"4":{"name":"getNextSqrtPriceFromOutput","line":129,"loc":{"start":{"line":129,"column":4},"end":{"line":143,"column":4}}},"5":{"name":"getAmount0Delta","line":153,"loc":{"start":{"line":153,"column":4},"end":{"line":173,"column":4}}},"6":{"name":"getAmount1Delta","line":182,"loc":{"start":{"line":182,"column":4},"end":{"line":194,"column":4}}},"7":{"name":"getAmount0Delta","line":201,"loc":{"start":{"line":201,"column":4},"end":{"line":210,"column":4}}},"8":{"name":"getAmount1Delta","line":217,"loc":{"start":{"line":217,"column":4},"end":{"line":226,"column":4}}}},"statementMap":{"1":{"start":{"line":35,"column":8},"end":{"line":35,"column":40}},"2":{"start":{"line":35,"column":25},"end":{"line":35,"column":40}},"3":{"start":{"line":36,"column":8},"end":{"line":36,"column":74}},"4":{"start":{"line":38,"column":8},"end":{"line":38,"column":1835}},"5":{"start":{"line":39,"column":12},"end":{"line":39,"column":27}},"6":{"start":{"line":40,"column":12},"end":{"line":40,"column":1891}},"7":{"start":{"line":41,"column":16},"end":{"line":41,"column":58}},"8":{"start":{"line":42,"column":16},"end":{"line":42,"column":2109}},"9":{"start":{"line":44,"column":20},"end":{"line":44,"column":96}},"10":{"start":{"line":47,"column":12},"end":{"line":47,"column":101}},"11":{"start":{"line":49,"column":12},"end":{"line":49,"column":27}},"12":{"start":{"line":52,"column":12},"end":{"line":52,"column":94}},"13":{"start":{"line":53,"column":12},"end":{"line":53,"column":54}},"14":{"start":{"line":54,"column":12},"end":{"line":54,"column":91}},"15":{"start":{"line":76,"column":8},"end":{"line":76,"column":3952}},"16":{"start":{"line":77,"column":12},"end":{"line":77,"column":3984}},"17":{"start":{"line":84,"column":12},"end":{"line":84,"column":62}},"18":{"start":{"line":86,"column":12},"end":{"line":86,"column":4335}},"19":{"start":{"line":93,"column":12},"end":{"line":93,"column":39}},"20":{"start":{"line":95,"column":12},"end":{"line":95,"column":47}},"21":{"start":{"line":112,"column":8},"end":{"line":112,"column":28}},"22":{"start":{"line":113,"column":8},"end":{"line":113,"column":29}},"23":{"start":{"line":116,"column":8},"end":{"line":116,"column":5720}},"24":{"start":{"line":135,"column":8},"end":{"line":135,"column":28}},"25":{"start":{"line":136,"column":8},"end":{"line":136,"column":29}},"26":{"start":{"line":139,"column":8},"end":{"line":139,"column":6812}},"27":{"start":{"line":159,"column":8},"end":{"line":159,"column":106}},"28":{"start":{"line":159,"column":43},"end":{"line":159,"column":105}},"29":{"start":{"line":161,"column":8},"end":{"line":161,"column":74}},"30":{"start":{"line":162,"column":8},"end":{"line":162,"column":58}},"31":{"start":{"line":164,"column":8},"end":{"line":164,"column":33}},"32":{"start":{"line":166,"column":8},"end":{"line":166,"column":8057}},"33":{"start":{"line":188,"column":8},"end":{"line":188,"column":106}},"34":{"start":{"line":188,"column":43},"end":{"line":188,"column":105}},"35":{"start":{"line":190,"column":8},"end":{"line":190,"column":9122}},"36":{"start":{"line":206,"column":8},"end":{"line":206,"column":9872}},"37":{"start":{"line":222,"column":8},"end":{"line":222,"column":10628}}},"branchMap":{"1":{"line":35,"type":"if","locations":[{"start":{"line":35,"column":8},"end":{"line":35,"column":8}},{"start":{"line":35,"column":8},"end":{"line":35,"column":8}}]},"2":{"line":38,"type":"if","locations":[{"start":{"line":38,"column":8},"end":{"line":38,"column":8}},{"start":{"line":38,"column":8},"end":{"line":38,"column":8}}]},"3":{"line":40,"type":"if","locations":[{"start":{"line":40,"column":12},"end":{"line":40,"column":12}},{"start":{"line":40,"column":12},"end":{"line":40,"column":12}}]},"4":{"line":42,"type":"if","locations":[{"start":{"line":42,"column":16},"end":{"line":42,"column":16}},{"start":{"line":42,"column":16},"end":{"line":42,"column":16}}]},"5":{"line":52,"type":"if","locations":[{"start":{"line":52,"column":12},"end":{"line":52,"column":12}},{"start":{"line":52,"column":12},"end":{"line":52,"column":12}}]},"6":{"line":76,"type":"if","locations":[{"start":{"line":76,"column":8},"end":{"line":76,"column":8}},{"start":{"line":76,"column":8},"end":{"line":76,"column":8}}]},"7":{"line":93,"type":"if","locations":[{"start":{"line":93,"column":12},"end":{"line":93,"column":12}},{"start":{"line":93,"column":12},"end":{"line":93,"column":12}}]},"8":{"line":112,"type":"if","locations":[{"start":{"line":112,"column":8},"end":{"line":112,"column":8}},{"start":{"line":112,"column":8},"end":{"line":112,"column":8}}]},"9":{"line":113,"type":"if","locations":[{"start":{"line":113,"column":8},"end":{"line":113,"column":8}},{"start":{"line":113,"column":8},"end":{"line":113,"column":8}}]},"10":{"line":135,"type":"if","locations":[{"start":{"line":135,"column":8},"end":{"line":135,"column":8}},{"start":{"line":135,"column":8},"end":{"line":135,"column":8}}]},"11":{"line":136,"type":"if","locations":[{"start":{"line":136,"column":8},"end":{"line":136,"column":8}},{"start":{"line":136,"column":8},"end":{"line":136,"column":8}}]},"12":{"line":159,"type":"if","locations":[{"start":{"line":159,"column":8},"end":{"line":159,"column":8}},{"start":{"line":159,"column":8},"end":{"line":159,"column":8}}]},"13":{"line":164,"type":"if","locations":[{"start":{"line":164,"column":8},"end":{"line":164,"column":8}},{"start":{"line":164,"column":8},"end":{"line":164,"column":8}}]},"14":{"line":188,"type":"if","locations":[{"start":{"line":188,"column":8},"end":{"line":188,"column":8}},{"start":{"line":188,"column":8},"end":{"line":188,"column":8}}]}}},
"contracts/libraries/SwapMath.sol":{"l":{"37":0,"38":0,"40":0,"41":0,"42":0,"45":0,"47":0,"54":0,"57":0,"59":0,"67":0,"70":0,"71":0,"74":0,"78":0,"81":0,"87":0,"88":0,"91":0,"93":0,"95":0},"path":"/Users/justin/repos/labrys/v3-core-project-x/contracts/libraries/SwapMath.sol","s":{"1":0,"2":0,"3":0,"4":0,"5":0,"6":0,"7":0,"8":0,"9":0,"10":0,"11":0,"12":0,"13":0,"14":0,"15":0,"16":0,"17":0,"18":0,"19":0,"20":0,"21":0,"22":0,"23":0},"b":{"1":[0,0],"2":[0,0],"3":[0,0],"4":[0,0],"5":[0,0],"6":[0,0]},"f":{"1":0},"fnMap":{"1":{"name":"computeSwapStep","line":21,"loc":{"start":{"line":21,"column":4},"end":{"line":97,"column":4}}}},"statementMap":{"1":{"start":{"line":37,"column":8},"end":{"line":37,"column":67}},"2":{"start":{"line":38,"column":8},"end":{"line":38,"column":43}},"3":{"start":{"line":40,"column":8},"end":{"line":40,"column":1903}},"4":{"start":{"line":41,"column":12},"end":{"line":41,"column":106}},"5":{"start":{"line":42,"column":12},"end":{"line":42,"column":2134}},"6":{"start":{"line":45,"column":12},"end":{"line":45,"column":2294}},"7":{"start":{"line":45,"column":52},"end":{"line":45,"column":88}},"8":{"start":{"line":47,"column":16},"end":{"line":47,"column":2405}},"9":{"start":{"line":54,"column":12},"end":{"line":54,"column":2749}},"10":{"start":{"line":57,"column":12},"end":{"line":57,"column":2911}},"11":{"start":{"line":57,"column":56},"end":{"line":57,"column":92}},"12":{"start":{"line":59,"column":16},"end":{"line":59,"column":3026}},"13":{"start":{"line":67,"column":8},"end":{"line":67,"column":57}},"14":{"start":{"line":70,"column":8},"end":{"line":70,"column":3367}},"15":{"start":{"line":71,"column":12},"end":{"line":71,"column":3491}},"16":{"start":{"line":74,"column":12},"end":{"line":74,"column":3662}},"17":{"start":{"line":78,"column":12},"end":{"line":78,"column":3852}},"18":{"start":{"line":81,"column":12},"end":{"line":81,"column":4023}},"19":{"start":{"line":87,"column":8},"end":{"line":87,"column":4184}},"20":{"start":{"line":88,"column":12},"end":{"line":88,"column":48}},"21":{"start":{"line":91,"column":8},"end":{"line":91,"column":4311}},"22":{"start":{"line":93,"column":12},"end":{"line":93,"column":58}},"23":{"start":{"line":95,"column":12},"end":{"line":95,"column":82}}},"branchMap":{"1":{"line":40,"type":"if","locations":[{"start":{"line":40,"column":8},"end":{"line":40,"column":8}},{"start":{"line":40,"column":8},"end":{"line":40,"column":8}}]},"2":{"line":45,"type":"if","locations":[{"start":{"line":45,"column":12},"end":{"line":45,"column":12}},{"start":{"line":45,"column":12},"end":{"line":45,"column":12}}]},"3":{"line":57,"type":"if","locations":[{"start":{"line":57,"column":12},"end":{"line":57,"column":12}},{"start":{"line":57,"column":12},"end":{"line":57,"column":12}}]},"4":{"line":70,"type":"if","locations":[{"start":{"line":70,"column":8},"end":{"line":70,"column":8}},{"start":{"line":70,"column":8},"end":{"line":70,"column":8}}]},"5":{"line":87,"type":"if","locations":[{"start":{"line":87,"column":8},"end":{"line":87,"column":8}},{"start":{"line":87,"column":8},"end":{"line":87,"column":8}}]},"6":{"line":91,"type":"if","locations":[{"start":{"line":91,"column":8},"end":{"line":91,"column":8}},{"start":{"line":91,"column":8},"end":{"line":91,"column":8}}]}}},
"contracts/libraries/Tick.sol":{"l":{"45":0,"46":0,"47":0,"48":0,"68":0,"69":0,"72":0,"73":0,"74":0,"75":0,"76":0,"78":0,"79":0,"83":0,"84":0,"85":0,"86":0,"87":0,"89":0,"90":0,"93":0,"94":0,"123":0,"125":0,"126":0,"128":0,"130":0,"132":0,"134":0,"135":0,"136":0,"137":0,"138":0,"139":0,"141":0,"144":0,"147":0,"156":0,"177":0,"178":0,"179":0,"180":0,"181":0,"182":0,"183":0},"path":"/Users/justin/repos/labrys/v3-core-project-x/contracts/libraries/Tick.sol","s":{"1":0,"2":0,"3":0,"4":0,"5":0,"6":0,"7":0,"8":0,"9":0,"10":0,"11":0,"12":0,"13":0,"14":0,"15":0,"16":0,"17":0,"18":0,"19":0,"20":0,"21":0,"22":0,"23":0,"24":0,"25":0,"26":0,"27":0,"28":0,"29":0,"30":0,"31":0,"32":0,"33":0,"34":0,"35":0,"36":0,"37":0,"38":0,"39":0,"40":0,"41":0,"42":0,"43":0,"44":0},"b":{"1":[0,0],"2":[0,0],"3":[0,0],"4":[0,0],"5":[0,0]},"f":{"1":0,"2":0,"3":0,"4":0,"5":0},"fnMap":{"1":{"name":"tickSpacingToMaxLiquidityPerTick","line":44,"loc":{"start":{"line":44,"column":4},"end":{"line":49,"column":4}}},"2":{"name":"getFeeGrowthInside","line":60,"loc":{"start":{"line":60,"column":4},"end":{"line":95,"column":4}}},"3":{"name":"update","line":110,"loc":{"start":{"line":110,"column":4},"end":{"line":150,"column":4}}},"4":{"name":"clear","line":155,"loc":{"start":{"line":155,"column":4},"end":{"line":157,"column":4}}},"5":{"name":"cross","line":168,"loc":{"start":{"line":168,"column":4},"end":{"line":184,"column":4}}}},"statementMap":{"1":{"start":{"line":45,"column":8},"end":{"line":45,"column":71}},"2":{"start":{"line":46,"column":8},"end":{"line":46,"column":71}},"3":{"start":{"line":47,"column":8},"end":{"line":47,"column":71}},"4":{"start":{"line":48,"column":8},"end":{"line":48,"column":43}},"5":{"start":{"line":68,"column":8},"end":{"line":68,"column":44}},"6":{"start":{"line":69,"column":8},"end":{"line":69,"column":44}},"7":{"start":{"line":72,"column":8},"end":{"line":72,"column":35}},"8":{"start":{"line":73,"column":8},"end":{"line":73,"column":35}},"9":{"start":{"line":74,"column":8},"end":{"line":74,"column":3880}},"10":{"start":{"line":75,"column":12},"end":{"line":75,"column":60}},"11":{"start":{"line":76,"column":12},"end":{"line":76,"column":60}},"12":{"start":{"line":78,"column":12},"end":{"line":78,"column":83}},"13":{"start":{"line":79,"column":12},"end":{"line":79,"column":83}},"14":{"start":{"line":83,"column":8},"end":{"line":83,"column":35}},"15":{"start":{"line":84,"column":8},"end":{"line":84,"column":35}},"16":{"start":{"line":85,"column":8},"end":{"line":85,"column":4358}},"17":{"start":{"line":86,"column":12},"end":{"line":86,"column":60}},"18":{"start":{"line":87,"column":12},"end":{"line":87,"column":60}},"19":{"start":{"line":89,"column":12},"end":{"line":89,"column":83}},"20":{"start":{"line":90,"column":12},"end":{"line":90,"column":83}},"21":{"start":{"line":93,"column":8},"end":{"line":93,"column":94}},"22":{"start":{"line":94,"column":8},"end":{"line":94,"column":94}},"23":{"start":{"line":123,"column":8},"end":{"line":123,"column":43}},"24":{"start":{"line":125,"column":8},"end":{"line":125,"column":58}},"25":{"start":{"line":126,"column":8},"end":{"line":126,"column":98}},"26":{"start":{"line":128,"column":8},"end":{"line":128,"column":57}},"27":{"start":{"line":130,"column":8},"end":{"line":130,"column":74}},"28":{"start":{"line":132,"column":8},"end":{"line":132,"column":6877}},"29":{"start":{"line":134,"column":12},"end":{"line":134,"column":7038}},"30":{"start":{"line":135,"column":16},"end":{"line":135,"column":64}},"31":{"start":{"line":136,"column":16},"end":{"line":136,"column":64}},"32":{"start":{"line":137,"column":16},"end":{"line":137,"column":86}},"33":{"start":{"line":138,"column":16},"end":{"line":138,"column":58}},"34":{"start":{"line":139,"column":16},"end":{"line":139,"column":41}},"35":{"start":{"line":141,"column":12},"end":{"line":141,"column":34}},"36":{"start":{"line":144,"column":8},"end":{"line":144,"column":48}},"37":{"start":{"line":147,"column":8},"end":{"line":147,"column":7687}},"38":{"start":{"line":177,"column":8},"end":{"line":177,"column":43}},"39":{"start":{"line":178,"column":8},"end":{"line":178,"column":85}},"40":{"start":{"line":179,"column":8},"end":{"line":179,"column":85}},"41":{"start":{"line":180,"column":8},"end":{"line":180,"column":116}},"42":{"start":{"line":181,"column":8},"end":{"line":181,"column":79}},"43":{"start":{"line":182,"column":8},"end":{"line":182,"column":55}},"44":{"start":{"line":183,"column":8},"end":{"line":183,"column":39}}},"branchMap":{"1":{"line":74,"type":"if","locations":[{"start":{"line":74,"column":8},"end":{"line":74,"column":8}},{"start":{"line":74,"column":8},"end":{"line":74,"column":8}}]},"2":{"line":85,"type":"if","locations":[{"start":{"line":85,"column":8},"end":{"line":85,"column":8}},{"start":{"line":85,"column":8},"end":{"line":85,"column":8}}]},"3":{"line":128,"type":"if","locations":[{"start":{"line":128,"column":8},"end":{"line":128,"column":8}},{"start":{"line":128,"column":8},"end":{"line":128,"column":8}}]},"4":{"line":132,"type":"if","locations":[{"start":{"line":132,"column":8},"end":{"line":132,"column":8}},{"start":{"line":132,"column":8},"end":{"line":132,"column":8}}]},"5":{"line":134,"type":"if","locations":[{"start":{"line":134,"column":12},"end":{"line":134,"column":12}},{"start":{"line":134,"column":12},"end":{"line":134,"column":12}}]}}},
"contracts/libraries/TickBitmap.sol":{"l":{"15":0,"16":0,"28":0,"29":0,"30":0,"31":0,"48":0,"49":0,"51":0,"52":0,"54":0,"55":0,"58":0,"60":0,"65":0,"67":0,"68":0,"71":0,"73":0},"path":"/Users/justin/repos/labrys/v3-core-project-x/contracts/libraries/TickBitmap.sol","s":{"1":0,"2":0,"3":0,"4":0,"5":0,"6":0,"7":0,"8":0,"9":0,"10":0,"11":0,"12":0,"13":0,"14":0,"15":0,"16":0,"17":0,"18":0,"19":0},"b":{"1":[0,0],"2":[0,0],"3":[0,0]},"f":{"1":0,"2":0,"3":0},"fnMap":{"1":{"name":"position","line":14,"loc":{"start":{"line":14,"column":4},"end":{"line":17,"column":4}}},"2":{"name":"flipTick","line":23,"loc":{"start":{"line":23,"column":4},"end":{"line":32,"column":4}}},"3":{"name":"nextInitializedTickWithinOneWord","line":42,"loc":{"start":{"line":42,"column":4},"end":{"line":77,"column":4}}}},"statementMap":{"1":{"start":{"line":15,"column":8},"end":{"line":15,"column":33}},"2":{"start":{"line":16,"column":8},"end":{"line":16,"column":33}},"3":{"start":{"line":28,"column":8},"end":{"line":28,"column":39}},"4":{"start":{"line":29,"column":8},"end":{"line":29,"column":68}},"5":{"start":{"line":30,"column":8},"end":{"line":30,"column":34}},"6":{"start":{"line":31,"column":8},"end":{"line":31,"column":28}},"7":{"start":{"line":48,"column":8},"end":{"line":48,"column":45}},"8":{"start":{"line":49,"column":8},"end":{"line":49,"column":61}},"9":{"start":{"line":51,"column":8},"end":{"line":51,"column":2567}},"10":{"start":{"line":52,"column":12},"end":{"line":52,"column":64}},"11":{"start":{"line":54,"column":12},"end":{"line":54,"column":60}},"12":{"start":{"line":55,"column":12},"end":{"line":55,"column":49}},"13":{"start":{"line":58,"column":12},"end":{"line":58,"column":36}},"14":{"start":{"line":60,"column":12},"end":{"line":60,"column":3155}},"15":{"start":{"line":65,"column":12},"end":{"line":65,"column":68}},"16":{"start":{"line":67,"column":12},"end":{"line":67,"column":47}},"17":{"start":{"line":68,"column":12},"end":{"line":68,"column":49}},"18":{"start":{"line":71,"column":12},"end":{"line":71,"column":36}},"19":{"start":{"line":73,"column":12},"end":{"line":73,"column":3970}}},"branchMap":{"1":{"line":28,"type":"if","locations":[{"start":{"line":28,"column":8},"end":{"line":28,"column":8}},{"start":{"line":28,"column":8},"end":{"line":28,"column":8}}]},"2":{"line":49,"type":"if","locations":[{"start":{"line":49,"column":8},"end":{"line":49,"column":8}},{"start":{"line":49,"column":8},"end":{"line":49,"column":8}}]},"3":{"line":51,"type":"if","locations":[{"start":{"line":51,"column":8},"end":{"line":51,"column":8}},{"start":{"line":51,"column":8},"end":{"line":51,"column":8}}]}}},
"contracts/libraries/TickMath.sol":{"l":{"24":0,"25":0,"27":0,"28":0,"29":0,"30":0,"31":0,"32":0,"33":0,"34":0,"35":0,"36":0,"37":0,"38":0,"39":0,"40":0,"41":0,"42":0,"43":0,"44":0,"45":0,"46":0,"48":0,"53":0,"63":0,"64":0,"66":0,"67":0,"69":0,"74":0,"79":0,"84":0,"89":0,"94":0,"99":0,"104":0,"109":0,"112":0,"114":0,"120":0,"126":0,"132":0,"138":0,"144":0,"150":0,"156":0,"162":0,"168":0,"174":0,"180":0,"186":0,"192":0,"198":0,"200":0,"201":0,"203":0},"path":"/Users/justin/repos/labrys/v3-core-project-x/contracts/libraries/TickMath.sol","s":{"1":0,"2":0,"3":0,"4":0,"5":0,"6":0,"7":0,"8":0,"9":0,"10":0,"11":0,"12":0,"13":0,"14":0,"15":0,"16":0,"17":0,"18":0,"19":0,"20":0,"21":0,"22":0,"23":0,"24":0,"25":0,"26":0,"27":0,"28":0,"29":0,"30":0,"31":0,"32":0,"33":0,"34":0,"35":0,"36":0,"37":0,"38":0,"39":0,"40":0,"41":0,"42":0,"43":0,"44":0,"45":0,"46":0,"47":0,"48":0,"49":0,"50":0,"51":0,"52":0,"53":0,"54":0,"55":0,"56":0},"b":{"1":[0,0],"2":[0,0],"3":[0,0],"4":[0,0],"5":[0,0],"6":[0,0],"7":[0,0],"8":[0,0],"9":[0,0],"10":[0,0],"11":[0,0],"12":[0,0],"13":[0,0],"14":[0,0],"15":[0,0],"16":[0,0],"17":[0,0],"18":[0,0],"19":[0,0],"20":[0,0],"21":[0,0],"22":[0,0],"23":[0,0]},"f":{"1":0,"2":0},"fnMap":{"1":{"name":"getSqrtRatioAtTick","line":23,"loc":{"start":{"line":23,"column":4},"end":{"line":54,"column":4}}},"2":{"name":"getTickAtSqrtRatio","line":61,"loc":{"start":{"line":61,"column":4},"end":{"line":204,"column":4}}}},"statementMap":{"1":{"start":{"line":24,"column":8},"end":{"line":24,"column":83}},"2":{"start":{"line":25,"column":8},"end":{"line":25,"column":49}},"3":{"start":{"line":27,"column":8},"end":{"line":27,"column":117}},"4":{"start":{"line":28,"column":8},"end":{"line":28,"column":91}},"5":{"start":{"line":28,"column":32},"end":{"line":28,"column":90}},"6":{"start":{"line":29,"column":8},"end":{"line":29,"column":91}},"7":{"start":{"line":29,"column":32},"end":{"line":29,"column":90}},"8":{"start":{"line":30,"column":8},"end":{"line":30,"column":91}},"9":{"start":{"line":30,"column":32},"end":{"line":30,"column":90}},"10":{"start":{"line":31,"column":8},"end":{"line":31,"column":92}},"11":{"start":{"line":31,"column":33},"end":{"line":31,"column":91}},"12":{"start":{"line":32,"column":8},"end":{"line":32,"column":92}},"13":{"start":{"line":32,"column":33},"end":{"line":32,"column":91}},"14":{"start":{"line":33,"column":8},"end":{"line":33,"column":92}},"15":{"start":{"line":33,"column":33},"end":{"line":33,"column":91}},"16":{"start":{"line":34,"column":8},"end":{"line":34,"column":92}},"17":{"start":{"line":34,"column":33},"end":{"line":34,"column":91}},"18":{"start":{"line":35,"column":8},"end":{"line":35,"column":93}},"19":{"start":{"line":35,"column":34},"end":{"line":35,"column":92}},"20":{"start":{"line":36,"column":8},"end":{"line":36,"column":93}},"21":{"start":{"line":36,"column":34},"end":{"line":36,"column":92}},"22":{"start":{"line":37,"column":8},"end":{"line":37,"column":93}},"23":{"start":{"line":37,"column":34},"end":{"line":37,"column":92}},"24":{"start":{"line":38,"column":8},"end":{"line":38,"column":93}},"25":{"start":{"line":38,"column":34},"end":{"line":38,"column":92}},"26":{"start":{"line":39,"column":8},"end":{"line":39,"column":94}},"27":{"start":{"line":39,"column":35},"end":{"line":39,"column":93}},"28":{"start":{"line":40,"column":8},"end":{"line":40,"column":94}},"29":{"start":{"line":40,"column":35},"end":{"line":40,"column":93}},"30":{"start":{"line":41,"column":8},"end":{"line":41,"column":94}},"31":{"start":{"line":41,"column":35},"end":{"line":41,"column":93}},"32":{"start":{"line":42,"column":8},"end":{"line":42,"column":94}},"33":{"start":{"line":42,"column":35},"end":{"line":42,"column":93}},"34":{"start":{"line":43,"column":8},"end":{"line":43,"column":94}},"35":{"start":{"line":43,"column":36},"end":{"line":43,"column":93}},"36":{"start":{"line":44,"column":8},"end":{"line":44,"column":93}},"37":{"start":{"line":44,"column":36},"end":{"line":44,"column":92}},"38":{"start":{"line":45,"column":8},"end":{"line":45,"column":91}},"39":{"start":{"line":45,"column":36},"end":{"line":45,"column":90}},"40":{"start":{"line":46,"column":8},"end":{"line":46,"column":86}},"41":{"start":{"line":46,"column":36},"end":{"line":46,"column":85}},"42":{"start":{"line":48,"column":8},"end":{"line":48,"column":55}},"43":{"start":{"line":48,"column":22},"end":{"line":48,"column":54}},"44":{"start":{"line":53,"column":8},"end":{"line":53,"column":79}},"45":{"start":{"line":63,"column":8},"end":{"line":63,"column":84}},"46":{"start":{"line":64,"column":8},"end":{"line":64,"column":51}},"47":{"start":{"line":66,"column":8},"end":{"line":66,"column":25}},"48":{"start":{"line":67,"column":8},"end":{"line":67,"column":23}},"49":{"start":{"line":109,"column":8},"end":{"line":109,"column":5818}},"50":{"start":{"line":109,"column":24},"end":{"line":109,"column":47}},"51":{"start":{"line":110,"column":13},"end":{"line":110,"column":36}},"52":{"start":{"line":112,"column":8},"end":{"line":112,"column":48}},"53":{"start":{"line":198,"column":8},"end":{"line":198,"column":63}},"54":{"start":{"line":200,"column":8},"end":{"line":200,"column":93}},"55":{"start":{"line":201,"column":8},"end":{"line":201,"column":94}},"56":{"start":{"line":203,"column":8},"end":{"line":203,"column":105}}},"branchMap":{"1":{"line":25,"type":"if","locations":[{"start":{"line":25,"column":8},"end":{"line":25,"column":8}},{"start":{"line":25,"column":8},"end":{"line":25,"column":8}}]},"2":{"line":28,"type":"if","locations":[{"start":{"line":28,"column":8},"end":{"line":28,"column":8}},{"start":{"line":28,"column":8},"end":{"line":28,"column":8}}]},"3":{"line":29,"type":"if","locations":[{"start":{"line":29,"column":8},"end":{"line":29,"column":8}},{"start":{"line":29,"column":8},"end":{"line":29,"column":8}}]},"4":{"line":30,"type":"if","locations":[{"start":{"line":30,"column":8},"end":{"line":30,"column":8}},{"start":{"line":30,"column":8},"end":{"line":30,"column":8}}]},"5":{"line":31,"type":"if","locations":[{"start":{"line":31,"column":8},"end":{"line":31,"column":8}},{"start":{"line":31,"column":8},"end":{"line":31,"column":8}}]},"6":{"line":32,"type":"if","locations":[{"start":{"line":32,"column":8},"end":{"line":32,"column":8}},{"start":{"line":32,"column":8},"end":{"line":32,"column":8}}]},"7":{"line":33,"type":"if","locations":[{"start":{"line":33,"column":8},"end":{"line":33,"column":8}},{"start":{"line":33,"column":8},"end":{"line":33,"column":8}}]},"8":{"line":34,"type":"if","locations":[{"start":{"line":34,"column":8},"end":{"line":34,"column":8}},{"start":{"line":34,"column":8},"end":{"line":34,"column":8}}]},"9":{"line":35,"type":"if","locations":[{"start":{"line":35,"column":8},"end":{"line":35,"column":8}},{"start":{"line":35,"column":8},"end":{"line":35,"column":8}}]},"10":{"line":36,"type":"if","locations":[{"start":{"line":36,"column":8},"end":{"line":36,"column":8}},{"start":{"line":36,"column":8},"end":{"line":36,"column":8}}]},"11":{"line":37,"type":"if","locations":[{"start":{"line":37,"column":8},"end":{"line":37,"column":8}},{"start":{"line":37,"column":8},"end":{"line":37,"column":8}}]},"12":{"line":38,"type":"if","locations":[{"start":{"line":38,"column":8},"end":{"line":38,"column":8}},{"start":{"line":38,"column":8},"end":{"line":38,"column":8}}]},"13":{"line":39,"type":"if","locations":[{"start":{"line":39,"column":8},"end":{"line":39,"column":8}},{"start":{"line":39,"column":8},"end":{"line":39,"column":8}}]},"14":{"line":40,"type":"if","locations":[{"start":{"line":40,"column":8},"end":{"line":40,"column":8}},{"start":{"line":40,"column":8},"end":{"line":40,"column":8}}]},"15":{"line":41,"type":"if","locations":[{"start":{"line":41,"column":8},"end":{"line":41,"column":8}},{"start":{"line":41,"column":8},"end":{"line":41,"column":8}}]},"16":{"line":42,"type":"if","locations":[{"start":{"line":42,"column":8},"end":{"line":42,"column":8}},{"start":{"line":42,"column":8},"end":{"line":42,"column":8}}]},"17":{"line":43,"type":"if","locations":[{"start":{"line":43,"column":8},"end":{"line":43,"column":8}},{"start":{"line":43,"column":8},"end":{"line":43,"column":8}}]},"18":{"line":44,"type":"if","locations":[{"start":{"line":44,"column":8},"end":{"line":44,"column":8}},{"start":{"line":44,"column":8},"end":{"line":44,"column":8}}]},"19":{"line":45,"type":"if","locations":[{"start":{"line":45,"column":8},"end":{"line":45,"column":8}},{"start":{"line":45,"column":8},"end":{"line":45,"column":8}}]},"20":{"line":46,"type":"if","locations":[{"start":{"line":46,"column":8},"end":{"line":46,"column":8}},{"start":{"line":46,"column":8},"end":{"line":46,"column":8}}]},"21":{"line":48,"type":"if","locations":[{"start":{"line":48,"column":8},"end":{"line":48,"column":8}},{"start":{"line":48,"column":8},"end":{"line":48,"column":8}}]},"22":{"line":63,"type":"if","locations":[{"start":{"line":63,"column":8},"end":{"line":63,"column":8}},{"start":{"line":63,"column":8},"end":{"line":63,"column":8}}]},"23":{"line":109,"type":"if","locations":[{"start":{"line":109,"column":8},"end":{"line":109,"column":8}},{"start":{"line":109,"column":8},"end":{"line":109,"column":8}}]}}},
"contracts/libraries/TransferHelper.sol":{"l":{"19":0,"21":0},"path":"/Users/justin/repos/labrys/v3-core-project-x/contracts/libraries/TransferHelper.sol","s":{"1":0,"2":0},"b":{"1":[0,0]},"f":{"1":0},"fnMap":{"1":{"name":"safeTransfer","line":14,"loc":{"start":{"line":14,"column":4},"end":{"line":22,"column":4}}}},"statementMap":{"1":{"start":{"line":19,"column":8},"end":{"line":19,"column":806}},"2":{"start":{"line":21,"column":8},"end":{"line":21,"column":79}}},"branchMap":{"1":{"line":21,"type":"if","locations":[{"start":{"line":21,"column":8},"end":{"line":21,"column":8}},{"start":{"line":21,"column":8},"end":{"line":21,"column":8}}]}}},
"contracts/libraries/UnsafeMath.sol":{"l":{"13":0},"path":"/Users/justin/repos/labrys/v3-core-project-x/contracts/libraries/UnsafeMath.sol","s":{},"b":{},"f":{"1":0},"fnMap":{"1":{"name":"divRoundingUp","line":12,"loc":{"start":{"line":12,"column":4},"end":{"line":16,"column":4}}}},"statementMap":{},"branchMap":{}},
"contracts/NoDelegateCall.sol":{"l":{"13":0,"19":0,"24":0,"25":0},"path":"/Users/justin/repos/labrys/v3-core-project-x/contracts/NoDelegateCall.sol","s":{"1":0,"2":0,"3":0},"b":{"1":[0,0]},"f":{"1":0,"2":0,"3":0},"fnMap":{"1":{"name":"constructor","line":10,"loc":{"start":{"line":10,"column":4},"end":{"line":14,"column":4}}},"2":{"name":"checkNotDelegateCall","line":18,"loc":{"start":{"line":18,"column":4},"end":{"line":20,"column":4}}},"3":{"name":"noDelegateCall","line":23,"loc":{"start":{"line":23,"column":4},"end":{"line":26,"column":4}}}},"statementMap":{"1":{"start":{"line":13,"column":8},"end":{"line":13,"column":31}},"2":{"start":{"line":19,"column":8},"end":{"line":19,"column":41}},"3":{"start":{"line":24,"column":8},"end":{"line":24,"column":29}}},"branchMap":{"1":{"line":19,"type":"if","locations":[{"start":{"line":19,"column":8},"end":{"line":19,"column":8}},{"start":{"line":19,"column":8},"end":{"line":19,"column":8}}]}}},
"contracts/test/BitMathEchidnaTest.sol":{"l":{"8":0,"9":0,"10":0,"14":0,"15":0,"16":0},"path":"/Users/justin/repos/labrys/v3-core-project-x/contracts/test/BitMathEchidnaTest.sol","s":{"1":0,"2":0,"3":0,"4":0,"5":0,"6":0},"b":{},"f":{"1":0,"2":0},"fnMap":{"1":{"name":"mostSignificantBitInvariant","line":7,"loc":{"start":{"line":7,"column":4},"end":{"line":11,"column":4}}},"2":{"name":"leastSignificantBitInvariant","line":13,"loc":{"start":{"line":13,"column":4},"end":{"line":17,"column":4}}}},"statementMap":{"1":{"start":{"line":8,"column":8},"end":{"line":8,"column":53}},"2":{"start":{"line":9,"column":8},"end":{"line":9,"column":41}},"3":{"start":{"line":10,"column":8},"end":{"line":10,"column":58}},"4":{"start":{"line":14,"column":8},"end":{"line":14,"column":54}},"5":{"start":{"line":15,"column":8},"end":{"line":15,"column":45}},"6":{"start":{"line":16,"column":8},"end":{"line":16,"column":49}}},"branchMap":{}},
"contracts/test/BitMathTest.sol":{"l":{"8":0,"12":0,"13":0,"14":0,"18":0,"22":0,"23":0,"24":0},"path":"/Users/justin/repos/labrys/v3-core-project-x/contracts/test/BitMathTest.sol","s":{"1":0,"2":0,"3":0,"4":0,"5":0,"6":0,"7":0,"8":0},"b":{},"f":{"1":0,"2":0,"3":0,"4":0},"fnMap":{"1":{"name":"mostSignificantBit","line":7,"loc":{"start":{"line":7,"column":4},"end":{"line":9,"column":4}}},"2":{"name":"getGasCostOfMostSignificantBit","line":11,"loc":{"start":{"line":11,"column":4},"end":{"line":15,"column":4}}},"3":{"name":"leastSignificantBit","line":17,"loc":{"start":{"line":17,"column":4},"end":{"line":19,"column":4}}},"4":{"name":"getGasCostOfLeastSignificantBit","line":21,"loc":{"start":{"line":21,"column":4},"end":{"line":25,"column":4}}}},"statementMap":{"1":{"start":{"line":8,"column":8},"end":{"line":8,"column":44}},"2":{"start":{"line":12,"column":8},"end":{"line":12,"column":37}},"3":{"start":{"line":13,"column":8},"end":{"line":13,"column":36}},"4":{"start":{"line":14,"column":8},"end":{"line":14,"column":36}},"5":{"start":{"line":18,"column":8},"end":{"line":18,"column":45}},"6":{"start":{"line":22,"column":8},"end":{"line":22,"column":37}},"7":{"start":{"line":23,"column":8},"end":{"line":23,"column":37}},"8":{"start":{"line":24,"column":8},"end":{"line":24,"column":36}}},"branchMap":{}},
"contracts/test/FullMathEchidnaTest.sol":{"l":{"12":0,"14":0,"15":0,"17":0,"18":0,"20":0,"29":0,"30":0,"31":0,"32":0,"33":0,"37":0,"38":0,"39":0,"40":0,"42":0,"43":0,"51":0,"52":0,"53":0,"54":0,"55":0,"59":0,"60":0,"61":0,"62":0,"64":0,"65":0},"path":"/Users/justin/repos/labrys/v3-core-project-x/contracts/test/FullMathEchidnaTest.sol","s":{"1":0,"2":0,"3":0,"4":0,"5":0,"6":0,"7":0,"8":0,"9":0,"10":0,"11":0,"12":0,"13":0,"14":0,"15":0,"16":0,"17":0,"18":0,"19":0,"20":0,"21":0,"22":0,"23":0,"24":0,"25":0,"26":0,"27":0,"28":0},"b":{"1":[0,0],"2":[0,0],"3":[0,0],"4":[0,0],"5":[0,0],"6":[0,0]},"f":{"1":0,"2":0,"3":0},"fnMap":{"1":{"name":"checkMulDivRounding","line":7,"loc":{"start":{"line":7,"column":4},"end":{"line":22,"column":4}}},"2":{"name":"checkMulDiv","line":24,"loc":{"start":{"line":24,"column":4},"end":{"line":44,"column":4}}},"3":{"name":"checkMulDivRoundingUp","line":46,"loc":{"start":{"line":46,"column":4},"end":{"line":66,"column":4}}}},"statementMap":{"1":{"start":{"line":12,"column":8},"end":{"line":12,"column":21}},"2":{"start":{"line":14,"column":8},"end":{"line":14,"column":59}},"3":{"start":{"line":15,"column":8},"end":{"line":15,"column":50}},"4":{"start":{"line":17,"column":8},"end":{"line":17,"column":400}},"5":{"start":{"line":18,"column":12},"end":{"line":18,"column":40}},"6":{"start":{"line":20,"column":12},"end":{"line":20,"column":36}},"7":{"start":{"line":29,"column":8},"end":{"line":29,"column":21}},"8":{"start":{"line":30,"column":8},"end":{"line":30,"column":44}},"9":{"start":{"line":31,"column":8},"end":{"line":31,"column":725}},"10":{"start":{"line":32,"column":12},"end":{"line":32,"column":25}},"11":{"start":{"line":33,"column":12},"end":{"line":33,"column":18}},"12":{"start":{"line":37,"column":8},"end":{"line":37,"column":45}},"13":{"start":{"line":38,"column":8},"end":{"line":38,"column":45}},"14":{"start":{"line":39,"column":8},"end":{"line":39,"column":22}},"15":{"start":{"line":40,"column":8},"end":{"line":40,"column":22}},"16":{"start":{"line":42,"column":8},"end":{"line":42,"column":25}},"17":{"start":{"line":43,"column":8},"end":{"line":43,"column":25}},"18":{"start":{"line":51,"column":8},"end":{"line":51,"column":21}},"19":{"start":{"line":52,"column":8},"end":{"line":52,"column":54}},"20":{"start":{"line":53,"column":8},"end":{"line":53,"column":1339}},"21":{"start":{"line":54,"column":12},"end":{"line":54,"column":25}},"22":{"start":{"line":55,"column":12},"end":{"line":55,"column":18}},"23":{"start":{"line":59,"column":8},"end":{"line":59,"column":45}},"24":{"start":{"line":60,"column":8},"end":{"line":60,"column":45}},"25":{"start":{"line":61,"column":8},"end":{"line":61,"column":22}},"26":{"start":{"line":62,"column":8},"end":{"line":62,"column":22}},"27":{"start":{"line":64,"column":8},"end":{"line":64,"column":25}},"28":{"start":{"line":65,"column":8},"end":{"line":65,"column":25}}},"branchMap":{"1":{"line":12,"type":"if","locations":[{"start":{"line":12,"column":8},"end":{"line":12,"column":8}},{"start":{"line":12,"column":8},"end":{"line":12,"column":8}}]},"2":{"line":17,"type":"if","locations":[{"start":{"line":17,"column":8},"end":{"line":17,"column":8}},{"start":{"line":17,"column":8},"end":{"line":17,"column":8}}]},"3":{"line":29,"type":"if","locations":[{"start":{"line":29,"column":8},"end":{"line":29,"column":8}},{"start":{"line":29,"column":8},"end":{"line":29,"column":8}}]},"4":{"line":31,"type":"if","locations":[{"start":{"line":31,"column":8},"end":{"line":31,"column":8}},{"start":{"line":31,"column":8},"end":{"line":31,"column":8}}]},"5":{"line":51,"type":"if","locations":[{"start":{"line":51,"column":8},"end":{"line":51,"column":8}},{"start":{"line":51,"column":8},"end":{"line":51,"column":8}}]},"6":{"line":53,"type":"if","locations":[{"start":{"line":53,"column":8},"end":{"line":53,"column":8}},{"start":{"line":53,"column":8},"end":{"line":53,"column":8}}]}}},
"contracts/test/FullMathTest.sol":{"l":{"12":0,"20":0},"path":"/Users/justin/repos/labrys/v3-core-project-x/contracts/test/FullMathTest.sol","s":{"1":0,"2":0},"b":{},"f":{"1":0,"2":0},"fnMap":{"1":{"name":"mulDiv","line":7,"loc":{"start":{"line":7,"column":4},"end":{"line":13,"column":4}}},"2":{"name":"mulDivRoundingUp","line":15,"loc":{"start":{"line":15,"column":4},"end":{"line":21,"column":4}}}},"statementMap":{"1":{"start":{"line":12,"column":8},"end":{"line":12,"column":39}},"2":{"start":{"line":20,"column":8},"end":{"line":20,"column":49}}},"branchMap":{}},
"contracts/test/LiquidityMathTest.sol":{"l":{"8":0,"12":0,"13":0,"14":0},"path":"/Users/justin/repos/labrys/v3-core-project-x/contracts/test/LiquidityMathTest.sol","s":{"1":0,"2":0,"3":0,"4":0},"b":{},"f":{"1":0,"2":0},"fnMap":{"1":{"name":"addDelta","line":7,"loc":{"start":{"line":7,"column":4},"end":{"line":9,"column":4}}},"2":{"name":"getGasCostOfAddDelta","line":11,"loc":{"start":{"line":11,"column":4},"end":{"line":15,"column":4}}}},"statementMap":{"1":{"start":{"line":8,"column":8},"end":{"line":8,"column":43}},"2":{"start":{"line":12,"column":8},"end":{"line":12,"column":37}},"3":{"start":{"line":13,"column":8},"end":{"line":13,"column":35}},"4":{"start":{"line":14,"column":8},"end":{"line":14,"column":36}}},"branchMap":{}},
"contracts/test/LowGasSafeMathEchidnaTest.sol":{"l":{"8":0,"9":0,"10":0,"14":0,"15":0,"16":0,"20":0,"21":0,"22":0,"26":0,"27":0,"28":0,"32":0,"33":0,"34":0},"path":"/Users/justin/repos/labrys/v3-core-project-x/contracts/test/LowGasSafeMathEchidnaTest.sol","s":{"1":0,"2":0,"3":0,"4":0,"5":0,"6":0,"7":0,"8":0,"9":0,"10":0,"11":0,"12":0,"13":0,"14":0,"15":0},"b":{},"f":{"1":0,"2":0,"3":0,"4":0,"5":0},"fnMap":{"1":{"name":"checkAdd","line":7,"loc":{"start":{"line":7,"column":4},"end":{"line":11,"column":4}}},"2":{"name":"checkSub","line":13,"loc":{"start":{"line":13,"column":4},"end":{"line":17,"column":4}}},"3":{"name":"checkMul","line":19,"loc":{"start":{"line":19,"column":4},"end":{"line":23,"column":4}}},"4":{"name":"checkAddi","line":25,"loc":{"start":{"line":25,"column":4},"end":{"line":29,"column":4}}},"5":{"name":"checkSubi","line":31,"loc":{"start":{"line":31,"column":4},"end":{"line":35,"column":4}}}},"statementMap":{"1":{"start":{"line":8,"column":8},"end":{"line":8,"column":44}},"2":{"start":{"line":9,"column":8},"end":{"line":9,"column":25}},"3":{"start":{"line":10,"column":8},"end":{"line":10,"column":31}},"4":{"start":{"line":14,"column":8},"end":{"line":14,"column":44}},"5":{"start":{"line":15,"column":8},"end":{"line":15,"column":25}},"6":{"start":{"line":16,"column":8},"end":{"line":16,"column":21}},"7":{"start":{"line":20,"column":8},"end":{"line":20,"column":44}},"8":{"start":{"line":21,"column":8},"end":{"line":21,"column":25}},"9":{"start":{"line":22,"column":8},"end":{"line":22,"column":53}},"10":{"start":{"line":26,"column":8},"end":{"line":26,"column":43}},"11":{"start":{"line":27,"column":8},"end":{"line":27,"column":25}},"12":{"start":{"line":28,"column":8},"end":{"line":28,"column":37}},"13":{"start":{"line":32,"column":8},"end":{"line":32,"column":43}},"14":{"start":{"line":33,"column":8},"end":{"line":33,"column":25}},"15":{"start":{"line":34,"column":8},"end":{"line":34,"column":37}}},"branchMap":{}},
"contracts/test/MockTimeUniswapV3Pool.sol":{"l":{"12":0,"16":0,"20":0,"24":0},"path":"/Users/justin/repos/labrys/v3-core-project-x/contracts/test/MockTimeUniswapV3Pool.sol","s":{"1":0,"2":0,"3":0,"4":0},"b":{},"f":{"1":0,"2":0,"3":0,"4":0},"fnMap":{"1":{"name":"setFeeGrowthGlobal0X128","line":11,"loc":{"start":{"line":11,"column":4},"end":{"line":13,"column":4}}},"2":{"name":"setFeeGrowthGlobal1X128","line":15,"loc":{"start":{"line":15,"column":4},"end":{"line":17,"column":4}}},"3":{"name":"advanceTime","line":19,"loc":{"start":{"line":19,"column":4},"end":{"line":21,"column":4}}},"4":{"name":"_blockTimestamp","line":23,"loc":{"start":{"line":23,"column":4},"end":{"line":25,"column":4}}}},"statementMap":{"1":{"start":{"line":12,"column":8},"end":{"line":12,"column":51}},"2":{"start":{"line":16,"column":8},"end":{"line":16,"column":51}},"3":{"start":{"line":20,"column":8},"end":{"line":20,"column":17}},"4":{"start":{"line":24,"column":8},"end":{"line":24,"column":27}}},"branchMap":{}},
"contracts/test/MockTimeUniswapV3PoolDeployer.sol":{"l":{"28":0,"29":0,"32":0,"33":0},"path":"/Users/justin/repos/labrys/v3-core-project-x/contracts/test/MockTimeUniswapV3PoolDeployer.sol","s":{"1":0,"2":0,"3":0},"b":{},"f":{"1":0},"fnMap":{"1":{"name":"deploy","line":21,"loc":{"start":{"line":21,"column":4},"end":{"line":34,"column":4}}}},"statementMap":{"1":{"start":{"line":28,"column":8},"end":{"line":28,"column":118}},"2":{"start":{"line":29,"column":8},"end":{"line":29,"column":774}},"3":{"start":{"line":32,"column":8},"end":{"line":32,"column":31}}},"branchMap":{}},
"contracts/test/NoDelegateCallTest.sol":{"l":{"8":0,"12":0,"16":0,"17":0,"18":0,"22":0,"23":0,"24":0,"28":0},"path":"/Users/justin/repos/labrys/v3-core-project-x/contracts/test/NoDelegateCallTest.sol","s":{"1":0,"2":0,"3":0,"4":0,"5":0,"6":0,"7":0,"8":0,"9":0},"b":{},"f":{"1":0,"2":0,"3":0,"4":0,"5":0,"6":0},"fnMap":{"1":{"name":"canBeDelegateCalled","line":7,"loc":{"start":{"line":7,"column":4},"end":{"line":9,"column":4}}},"2":{"name":"cannotBeDelegateCalled","line":11,"loc":{"start":{"line":11,"column":4},"end":{"line":13,"column":4}}},"3":{"name":"getGasCostOfCanBeDelegateCalled","line":15,"loc":{"start":{"line":15,"column":4},"end":{"line":19,"column":4}}},"4":{"name":"getGasCostOfCannotBeDelegateCalled","line":21,"loc":{"start":{"line":21,"column":4},"end":{"line":25,"column":4}}},"5":{"name":"callsIntoNoDelegateCallFunction","line":27,"loc":{"start":{"line":27,"column":4},"end":{"line":29,"column":4}}},"6":{"name":"noDelegateCallPrivate","line":31,"loc":{"start":{"line":31,"column":4},"end":{"line":31,"column":66}}}},"statementMap":{"1":{"start":{"line":8,"column":8},"end":{"line":8,"column":34}},"2":{"start":{"line":12,"column":8},"end":{"line":12,"column":34}},"3":{"start":{"line":16,"column":8},"end":{"line":16,"column":37}},"4":{"start":{"line":17,"column":8},"end":{"line":17,"column":28}},"5":{"start":{"line":18,"column":8},"end":{"line":18,"column":36}},"6":{"start":{"line":22,"column":8},"end":{"line":22,"column":37}},"7":{"start":{"line":23,"column":8},"end":{"line":23,"column":31}},"8":{"start":{"line":24,"column":8},"end":{"line":24,"column":36}},"9":{"start":{"line":28,"column":8},"end":{"line":28,"column":30}}},"branchMap":{}},
"contracts/test/OracleEchidnaTest.sol":{"l":{"14":0,"22":0,"23":0,"27":0,"28":0,"32":0,"33":0,"42":0,"43":0,"47":0,"51":0,"52":0,"54":0,"56":0,"58":0,"59":0,"60":0,"62":0,"64":0,"65":0,"68":0,"69":0,"70":0,"74":0,"78":0,"79":0,"83":0,"87":0,"88":0,"90":0,"91":0,"92":0,"93":0,"97":0,"99":0,"101":0,"103":0,"105":0,"106":0,"108":0,"109":0,"110":0,"114":0,"115":0,"116":0,"117":0,"118":0,"119":0,"123":0,"124":0,"125":0,"126":0,"130":0,"132":0,"135":0},"path":"/Users/justin/repos/labrys/v3-core-project-x/contracts/test/OracleEchidnaTest.sol","s":{"1":0,"2":0,"3":0,"4":0,"5":0,"6":0,"7":0,"8":0,"9":0,"10":0,"11":0,"12":0,"13":0,"14":0,"15":0,"16":0,"17":0,"18":0,"19":0,"20":0,"21":0,"22":0,"23":0,"24":0,"25":0,"26":0,"27":0,"28":0,"29":0,"30":0,"31":0,"32":0,"33":0,"34":0,"35":0,"36":0,"37":0,"38":0,"39":0,"40":0,"41":0,"42":0,"43":0,"44":0,"45":0,"46":0,"47":0,"48":0,"49":0,"50":0,"51":0,"52":0,"53":0,"54":0,"55":0},"b":{"1":[0,0],"2":[0,0],"3":[0,0],"4":[0,0],"5":[0,0],"6":[0,0],"7":[0,0],"8":[0,0],"9":[0,0],"10":[0,0],"11":[0,0]},"f":{"1":0,"2":0,"3":0,"4":0,"5":0,"6":0,"7":0,"8":0,"9":0,"10":0,"11":0,"12":0,"13":0},"fnMap":{"1":{"name":"constructor","line":13,"loc":{"start":{"line":13,"column":4},"end":{"line":15,"column":4}}},"2":{"name":"initialize","line":17,"loc":{"start":{"line":17,"column":4},"end":{"line":24,"column":4}}},"3":{"name":"limitTimePassed","line":26,"loc":{"start":{"line":26,"column":4},"end":{"line":29,"column":4}}},"4":{"name":"advanceTime","line":31,"loc":{"start":{"line":31,"column":4},"end":{"line":34,"column":4}}},"5":{"name":"update","line":37,"loc":{"start":{"line":37,"column":4},"end":{"line":44,"column":4}}},"6":{"name":"grow","line":46,"loc":{"start":{"line":46,"column":4},"end":{"line":48,"column":4}}},"7":{"name":"checkTimeWeightedResultAssertions","line":50,"loc":{"start":{"line":50,"column":4},"end":{"line":71,"column":4}}},"8":{"name":"echidna_indexAlwaysLtCardinality","line":73,"loc":{"start":{"line":73,"column":4},"end":{"line":75,"column":4}}},"9":{"name":"echidna_AlwaysInitialized","line":77,"loc":{"start":{"line":77,"column":4},"end":{"line":80,"column":4}}},"10":{"name":"echidna_cardinalityAlwaysLteNext","line":82,"loc":{"start":{"line":82,"column":4},"end":{"line":84,"column":4}}},"11":{"name":"echidna_canAlwaysObserve0IfInitialized","line":86,"loc":{"start":{"line":86,"column":4},"end":{"line":94,"column":4}}},"12":{"name":"checkTwoAdjacentObservationsTickCumulativeModTimeElapsedAlways0","line":96,"loc":{"start":{"line":96,"column":4},"end":{"line":111,"column":4}}},"13":{"name":"checkTimeWeightedAveragesAlwaysFitsType","line":113,"loc":{"start":{"line":113,"column":4},"end":{"line":136,"column":4}}}},"statementMap":{"1":{"start":{"line":14,"column":8},"end":{"line":14,"column":32}},"2":{"start":{"line":22,"column":8},"end":{"line":22,"column":101}},"3":{"start":{"line":23,"column":8},"end":{"line":23,"column":25}},"4":{"start":{"line":27,"column":8},"end":{"line":27,"column":45}},"5":{"start":{"line":28,"column":8},"end":{"line":28,"column":23}},"6":{"start":{"line":32,"column":8},"end":{"line":32,"column":26}},"7":{"start":{"line":33,"column":8},"end":{"line":33,"column":29}},"8":{"start":{"line":42,"column":8},"end":{"line":42,"column":37}},"9":{"start":{"line":43,"column":8},"end":{"line":43,"column":111}},"10":{"start":{"line":47,"column":8},"end":{"line":47,"column":31}},"11":{"start":{"line":51,"column":8},"end":{"line":51,"column":42}},"12":{"start":{"line":52,"column":8},"end":{"line":52,"column":27}},"13":{"start":{"line":54,"column":8},"end":{"line":54,"column":94}},"14":{"start":{"line":54,"column":39},"end":{"line":54,"column":93}},"15":{"start":{"line":56,"column":8},"end":{"line":56,"column":54}},"16":{"start":{"line":58,"column":8},"end":{"line":58,"column":53}},"17":{"start":{"line":59,"column":8},"end":{"line":59,"column":35}},"18":{"start":{"line":60,"column":8},"end":{"line":60,"column":35}},"19":{"start":{"line":62,"column":8},"end":{"line":62,"column":1773}},"20":{"start":{"line":64,"column":8},"end":{"line":64,"column":88}},"21":{"start":{"line":65,"column":8},"end":{"line":65,"column":2071}},"22":{"start":{"line":68,"column":8},"end":{"line":68,"column":69}},"23":{"start":{"line":69,"column":8},"end":{"line":69,"column":50}},"24":{"start":{"line":70,"column":8},"end":{"line":70,"column":50}},"25":{"start":{"line":74,"column":8},"end":{"line":74,"column":68}},"26":{"start":{"line":78,"column":8},"end":{"line":78,"column":59}},"27":{"start":{"line":79,"column":8},"end":{"line":79,"column":57}},"28":{"start":{"line":83,"column":8},"end":{"line":83,"column":63}},"29":{"start":{"line":87,"column":8},"end":{"line":87,"column":2966}},"30":{"start":{"line":88,"column":12},"end":{"line":88,"column":23}},"31":{"start":{"line":90,"column":8},"end":{"line":90,"column":45}},"32":{"start":{"line":91,"column":8},"end":{"line":91,"column":17}},"33":{"start":{"line":92,"column":8},"end":{"line":92,"column":111}},"34":{"start":{"line":93,"column":8},"end":{"line":93,"column":22}},"35":{"start":{"line":97,"column":8},"end":{"line":97,"column":49}},"36":{"start":{"line":99,"column":8},"end":{"line":99,"column":82}},"37":{"start":{"line":101,"column":8},"end":{"line":101,"column":3654}},"38":{"start":{"line":103,"column":8},"end":{"line":103,"column":105}},"39":{"start":{"line":105,"column":8},"end":{"line":105,"column":28}},"40":{"start":{"line":106,"column":8},"end":{"line":106,"column":28}},"41":{"start":{"line":108,"column":8},"end":{"line":108,"column":62}},"42":{"start":{"line":109,"column":8},"end":{"line":109,"column":30}},"43":{"start":{"line":110,"column":8},"end":{"line":110,"column":69}},"44":{"start":{"line":114,"column":8},"end":{"line":114,"column":27}},"45":{"start":{"line":115,"column":8},"end":{"line":115,"column":30}},"46":{"start":{"line":116,"column":8},"end":{"line":116,"column":53}},"47":{"start":{"line":117,"column":8},"end":{"line":117,"column":34}},"48":{"start":{"line":118,"column":8},"end":{"line":118,"column":25}},"49":{"start":{"line":119,"column":8},"end":{"line":119,"column":4392}},"50":{"start":{"line":123,"column":8},"end":{"line":123,"column":65}},"51":{"start":{"line":124,"column":8},"end":{"line":124,"column":62}},"52":{"start":{"line":125,"column":8},"end":{"line":125,"column":4707}},"53":{"start":{"line":130,"column":8},"end":{"line":130,"column":89}},"54":{"start":{"line":132,"column":8},"end":{"line":132,"column":5092}},"55":{"start":{"line":135,"column":8},"end":{"line":135,"column":69}}},"branchMap":{"1":{"line":27,"type":"if","locations":[{"start":{"line":27,"column":8},"end":{"line":27,"column":8}},{"start":{"line":27,"column":8},"end":{"line":27,"column":8}}]},"2":{"line":51,"type":"if","locations":[{"start":{"line":51,"column":8},"end":{"line":51,"column":8}},{"start":{"line":51,"column":8},"end":{"line":51,"column":8}}]},"3":{"line":52,"type":"if","locations":[{"start":{"line":52,"column":8},"end":{"line":52,"column":8}},{"start":{"line":52,"column":8},"end":{"line":52,"column":8}}]},"4":{"line":54,"type":"if","locations":[{"start":{"line":54,"column":8},"end":{"line":54,"column":8}},{"start":{"line":54,"column":8},"end":{"line":54,"column":8}}]},"5":{"line":87,"type":"if","locations":[{"start":{"line":87,"column":8},"end":{"line":87,"column":8}},{"start":{"l
[...]
129":{"start":{"line":645,"column":12},"end":{"line":645,"column":40}},"130":{"start":{"line":647,"column":12},"end":{"line":647,"column":54}},"131":{"start":{"line":649,"column":12},"end":{"line":649,"column":24945}},"132":{"start":{"line":656,"column":12},"end":{"line":656,"column":25251}},"133":{"start":{"line":657,"column":16},"end":{"line":657,"column":48}},"134":{"start":{"line":658,"column":19},"end":{"line":658,"column":25362}},"135":{"start":{"line":659,"column":16},"end":{"line":659,"column":48}},"136":{"start":{"line":663,"column":12},"end":{"line":663,"column":77}},"137":{"start":{"line":666,"column":12},"end":{"line":666,"column":25728}},"138":{"start":{"line":676,"column":12},"end":{"line":676,"column":26191}},"139":{"start":{"line":677,"column":16},"end":{"line":677,"column":92}},"140":{"start":{"line":678,"column":16},"end":{"line":678,"column":93}},"141":{"start":{"line":680,"column":16},"end":{"line":680,"column":74}},"142":{"start":{"line":681,"column":16},"end":{"line":681,"column":111}},"143":{"start":{"line":685,"column":12},"end":{"line":685,"column":26756}},"144":{"start":{"line":686,"column":16},"end":{"line":686,"column":66}},"145":{"start":{"line":687,"column":16},"end":{"line":687,"column":38}},"146":{"start":{"line":688,"column":16},"end":{"line":688,"column":50}},"147":{"start":{"line":692,"column":12},"end":{"line":692,"column":27116}},"148":{"start":{"line":693,"column":16},"end":{"line":693,"column":112}},"149":{"start":{"line":696,"column":12},"end":{"line":696,"column":27223}},"150":{"start":{"line":698,"column":16},"end":{"line":698,"column":27365}},"151":{"start":{"line":701,"column":20},"end":{"line":701,"column":27583}},"152":{"start":{"line":702,"column":24},"end":{"line":702,"column":27651}},"153":{"start":{"line":710,"column":24},"end":{"line":710,"column":61}},"154":{"start":{"line":712,"column":20},"end":{"line":712,"column":28174}},"155":{"start":{"line":723,"column":20},"end":{"line":723,"column":64}},"156":{"start":{"line":723,"column":36},"end":{"line":723,"column":63}},"157":{"start":{"line":725,"column":20},"end":{"line":725,"column":90}},"158":{"start":{"line":728,"column":16},"end":{"line":728,"column":74}},"159":{"start":{"line":729,"column":19},"end":{"line":729,"column":29091}},"160":{"start":{"line":731,"column":16},"end":{"line":731,"column":75}},"161":{"start":{"line":736,"column":8},"end":{"line":736,"column":29438}},"162":{"start":{"line":737,"column":12},"end":{"line":737,"column":29496}},"163":{"start":{"line":746,"column":12},"end":{"line":746,"column":29900}},"164":{"start":{"line":754,"column":12},"end":{"line":754,"column":50}},"165":{"start":{"line":758,"column":8},"end":{"line":758,"column":80}},"166":{"start":{"line":758,"column":53},"end":{"line":758,"column":79}},"167":{"start":{"line":762,"column":8},"end":{"line":762,"column":30567}},"168":{"start":{"line":763,"column":12},"end":{"line":763,"column":59}},"169":{"start":{"line":764,"column":12},"end":{"line":764,"column":79}},"170":{"start":{"line":764,"column":39},"end":{"line":764,"column":78}},"171":{"start":{"line":766,"column":12},"end":{"line":766,"column":59}},"172":{"start":{"line":767,"column":12},"end":{"line":767,"column":79}},"173":{"start":{"line":767,"column":39},"end":{"line":767,"column":78}},"174":{"start":{"line":770,"column":8},"end":{"line":770,"column":30986}},"175":{"start":{"line":775,"column":8},"end":{"line":775,"column":31189}},"176":{"start":{"line":776,"column":12},"end":{"line":776,"column":94}},"177":{"start":{"line":776,"column":29},"end":{"line":776,"column":93}},"178":{"start":{"line":778,"column":12},"end":{"line":778,"column":47}},"179":{"start":{"line":779,"column":12},"end":{"line":779,"column":91}},"180":{"start":{"line":780,"column":12},"end":{"line":780,"column":77}},"181":{"start":{"line":782,"column":12},"end":{"line":782,"column":94}},"182":{"start":{"line":782,"column":29},"end":{"line":782,"column":93}},"183":{"start":{"line":784,"column":12},"end":{"line":784,"column":47}},"184":{"start":{"line":785,"column":12},"end":{"line":785,"column":91}},"185":{"start":{"line":786,"column":12},"end":{"line":786,"column":77}},"186":{"start":{"line":789,"column":8},"end":{"line":789,"column":107}},"187":{"start":{"line":790,"column":8},"end":{"line":790,"column":28}},"188":{"start":{"line":800,"column":8},"end":{"line":800,"column":38}},"189":{"start":{"line":801,"column":8},"end":{"line":801,"column":35}},"190":{"start":{"line":803,"column":8},"end":{"line":803,"column":67}},"191":{"start":{"line":804,"column":8},"end":{"line":804,"column":67}},"192":{"start":{"line":805,"column":8},"end":{"line":805,"column":43}},"193":{"start":{"line":806,"column":8},"end":{"line":806,"column":43}},"194":{"start":{"line":808,"column":8},"end":{"line":808,"column":80}},"195":{"start":{"line":808,"column":25},"end":{"line":808,"column":79}},"196":{"start":{"line":809,"column":8},"end":{"line":809,"column":80}},"197":{"start":{"line":809,"column":25},"end":{"line":809,"column":79}},"198":{"start":{"line":811,"column":8},"end":{"line":811,"column":83}},"199":{"start":{"line":813,"column":8},"end":{"line":813,"column":42}},"200":{"start":{"line":814,"column":8},"end":{"line":814,"column":42}},"201":{"start":{"line":816,"column":8},"end":{"line":816,"column":63}},"202":{"start":{"line":817,"column":8},"end":{"line":817,"column":63}},"203":{"start":{"line":820,"column":8},"end":{"line":820,"column":54}},"204":{"start":{"line":821,"column":8},"end":{"line":821,"column":54}},"205":{"start":{"line":823,"column":8},"end":{"line":823,"column":33226}},"206":{"start":{"line":824,"column":12},"end":{"line":824,"column":55}},"207":{"start":{"line":825,"column":12},"end":{"line":825,"column":72}},"208":{"start":{"line":826,"column":12},"end":{"line":826,"column":73}},"209":{"start":{"line":826,"column":36},"end":{"line":826,"column":72}},"210":{"start":{"line":827,"column":12},"end":{"line":827,"column":97}},"211":{"start":{"line":829,"column":8},"end":{"line":829,"column":33567}},"212":{"start":{"line":830,"column":12},"end":{"line":830,"column":55}},"213":{"start":{"line":831,"column":12},"end":{"line":831,"column":72}},"214":{"start":{"line":832,"column":12},"end":{"line":832,"column":73}},"215":{"start":{"line":832,"column":36},"end":{"line":832,"column":72}},"216":{"start":{"line":833,"column":12},"end":{"line":833,"column":97}},"217":{"start":{"line":836,"column":8},"end":{"line":836,"column":73}},"218":{"start":{"line":841,"column":8},"end":{"line":841,"column":34148}},"219":{"start":{"line":845,"column":8},"end":{"line":845,"column":48}},"220":{"start":{"line":846,"column":8},"end":{"line":846,"column":61}},"221":{"start":{"line":847,"column":8},"end":{"line":847,"column":97}},"222":{"start":{"line":856,"column":8},"end":{"line":856,"column":96}},"223":{"start":{"line":857,"column":8},"end":{"line":857,"column":96}},"224":{"start":{"line":859,"column":8},"end":{"line":859,"column":35018}},"225":{"start":{"line":860,"column":12},"end":{"line":860,"column":57}},"226":{"start":{"line":861,"column":12},"end":{"line":861,"column":41}},"227":{"start":{"line":862,"column":12},"end":{"line":862,"column":66}},"228":{"start":{"line":864,"column":8},"end":{"line":864,"column":35283}},"229":{"start":{"line":865,"column":12},"end":{"line":865,"column":57}},"230":{"start":{"line":866,"column":12},"end":{"line":866,"column":41}},"231":{"start":{"line":867,"column":12},"end":{"line":867,"column":66}},"232":{"start":{"line":870,"column":8},"end":{"line":870,"column":69}}},"branchMap":{"1":{"line":105,"type":"if","locations":[{"start":{"line":105,"column":8},"end":{"line":105,"column":8}},{"start":{"line":105,"column":8},"end":{"line":105,"column":8}}]},"2":{"line":113,"type":"if","locations":[{"start":{"line":113,"column":8},"end":{"line":113,"column":8}},{"start":{"line":113,"column":8},"end":{"line":113,"column":8}}]},"3":{"line":130,"type":"if","locations":[{"start":{"line":130,"column":8},"end":{"line":130,"column":8}},{"start":{"line":130,"column":8},"end":{"line":130,"column":8}}]},"4":{"line":131,"type":"if","locations":[{"start":{"line":131,"column":8},"end":{"line":131,"column":8}},{"start":{"line":131,"column":8},"end":{"line":131,"column":8}}]},"5":{"line":132,"type":"if","locations":[{"start":{"line":132,"column":8},"end":{"line":132,"column":8}},{"start":{"line":132,"column":8},"end":{"line":132,"column":8}}]},"6":{"line":146,"type":"if","locations":[{"start":{"line":146,"column":8},"end":{"line":146,"column":8}},{"start":{"line":146,"column":8},"end":{"line":146,"column":8}}]},"7":{"line":156,"type":"if","locations":[{"start":{"line":156,"column":8},"end":{"line":156,"column":8}},{"start":{"line":156,"column":8},"end":{"line":156,"column":8}}]},"8":{"line":191,"type":"if","locations":[{"start":{"line":191,"column":12},"end":{"line":191,"column":12}},{"start":{"line":191,"column":12},"end":{"line":191,"column":12}}]},"9":{"line":200,"type":"if","locations":[{"start":{"line":200,"column":12},"end":{"line":200,"column":12}},{"start":{"line":200,"column":12},"end":{"line":200,"column":12}}]},"10":{"line":205,"type":"if","locations":[{"start":{"line":205,"column":8},"end":{"line":205,"column":8}},{"start":{"line":205,"column":8},"end":{"line":205,"column":8}}]},"11":{"line":211,"type":"if","locations":[{"start":{"line":211,"column":15},"end":{"line":211,"column":15}},{"start":{"line":211,"column":15},"end":{"line":211,"column":15}}]},"12":{"line":268,"type":"if","locations":[{"start":{"line":268,"column":8},"end":{"line":268,"column":8}},{"start":{"line":268,"column":8},"end":{"line":268,"column":8}}]},"13":{"line":275,"type":"if","locations":[{"start":{"line":275,"column":8},"end":{"line":275,"column":8}},{"start":{"line":275,"column":8},"end":{"line":275,"column":8}}]},"14":{"line":330,"type":"if","locations":[{"start":{"line":330,"column":8},"end":{"line":330,"column":8}},{"start":{"line":330,"column":8},"end":{"line":330,"column":8}}]},"15":{"line":331,"type":"if","locations":[{"start":{"line":331,"column":12},"end":{"line":331,"column":12}},{"start":{"line":331,"column":12},"end":{"line":331,"column":12}}]},"16":{"line":339,"type":"if","locations":[{"start":{"line":339,"column":19},"end":{"line":339,"column":19}},{"start":{"line":339,"column":19},"end":{"line":339,"column":19}}]},"17":{"line":397,"type":"if","locations":[{"start":{"line":397,"column":8},"end":{"line":397,"column":8}},{"start":{"line":397,"column":8},"end":{"line":397,"column":8}}]},"18":{"line":434,"type":"if","locations":[{"start":{"line":434,"column":12},"end":{"line":434,"column":12}},{"start":{"line":434,"column":12},"end":{"line":434,"column":12}}]},"19":{"line":437,"type":"if","locations":[{"start":{"line":437,"column":12},"end":{"line":437,"column":12}},{"start":{"line":437,"column":12},"end":{"line":437,"column":12}}]},"20":{"line":448,"type":"if","locations":[{"start":{"line":448,"column":8},"end":{"line":448,"column":8}},{"start":{"line":448,"column":8},"end":{"line":448,"column":8}}]},"21":{"line":449,"type":"if","locations":[{"start":{"line":449,"column":12},"end":{"line":449,"column":12}},{"start":{"line":449,"column":12},"end":{"line":449,"column":12}}]},"22":{"line":452,"type":"if","locations":[{"start":{"line":452,"column":12},"end":{"line":452,"column":12}},{"start":{"line":452,"column":12},"end":{"line":452,"column":12}}]},"23":{"line":467,"type":"if","locations":[{"start":{"line":467,"column":8},"end":{"line":467,"column":8}},{"start":{"line":467,"column":8},"end":{"line":467,"column":8}}]},"24":{"line":483,"type":"if","locations":[{"start":{"line":483,"column":8},"end":{"line":483,"column":8}},{"start":{"line":483,"column":8},"end":{"line":483,"column":8}}]},"25":{"line":484,"type":"if","locations":[{"start":{"line":484,"column":8},"end":{"line":484,"column":8}},{"start":{"line":484,"column":8},"end":{"line":484,"column":8}}]},"26":{"line":486,"type":"if","locations":[{"start":{"line":486,"column":8},"end":{"line":486,"column":8}},{"start":{"line":486,"column":8},"end":{"line":486,"column":8}}]},"27":{"line":486,"type":"if","locations":[{"start":{"line":486,"column":25},"end":{"line":486,"column":25}},{"start":{"line":486,"column":25},"end":{"line":486,"column":25}}]},"28":{"line":487,"type":"if","locations":[{"start":{"line":487,"column":8},"end":{"line":487,"column":8}},{"start":{"line":487,"column":8},"end":{"line":487,"column":8}}]},"29":{"line":487,"type":"if","locations":[{"start":{"line":487,"column":25},"end":{"line":487,"column":25}},{"start":{"line":487,"column":25},"end":{"line":487,"column":25}}]},"30":{"line":506,"type":"if","locations":[{"start":{"line":506,"column":8},"end":{"line":506,"column":8}},{"start":{"line":506,"column":8},"end":{"line":506,"column":8}}]},"31":{"line":510,"type":"if","locations":[{"start":{"line":510,"column":8},"end":{"line":510,"column":8}},{"start":{"line":510,"column":8},"end":{"line":510,"column":8}}]},"32":{"line":538,"type":"if","locations":[{"start":{"line":538,"column":8},"end":{"line":538,"column":8}},{"start":{"line":538,"column":8},"end":{"line":538,"column":8}}]},"33":{"line":606,"type":"if","locations":[{"start":{"line":606,"column":8},"end":{"line":606,"column":8}},{"start":{"line":606,"column":8},"end":{"line":606,"column":8}}]},"34":{"line":610,"type":"if","locations":[{"start":{"line":610,"column":8},"end":{"line":610,"column":8}},{"start":{"line":610,"column":8},"end":{"line":610,"column":8}}]},"35":{"line":611,"type":"if","locations":[{"start":{"line":611,"column":8},"end":{"line":611,"column":8}},{"start":{"line":611,"column":8},"end":{"line":611,"column":8}}]},"36":{"line":656,"type":"if","locations":[{"start":{"line":656,"column":12},"end":{"line":656,"column":12}},{"start":{"line":656,"column":12},"end":{"line":656,"column":12}}]},"37":{"line":658,"type":"if","locations":[{"start":{"line":658,"column":19},"end":{"line":658,"column":19}},{"start":{"line":658,"column":19},"end":{"line":658,"column":19}}]},"38":{"line":676,"type":"if","locations":[{"start":{"line":676,"column":12},"end":{"line":676,"column":12}},{"start":{"line":676,"column":12},"end":{"line":676,"column":12}}]},"39":{"line":685,"type":"if","locations":[{"start":{"line":685,"column":12},"end":{"line":685,"column":12}},{"start":{"line":685,"column":12},"end":{"line":685,"column":12}}]},"40":{"line":692,"type":"if","locations":[{"start":{"line":692,"column":12},"end":{"line":692,"column":12}},{"start":{"line":692,"column":12},"end":{"line":692,"column":12}}]},"41":{"line":696,"type":"if","locations":[{"start":{"line":696,"column":12},"end":{"line":696,"column":12}},{"start":{"line":696,"column":12},"end":{"line":696,"column":12}}]},"42":{"line":698,"type":"if","locations":[{"start":{"line":698,"column":16},"end":{"line":698,"column":16}},{"start":{"line":698,"column":16},"end":{"line":698,"column":16}}]},"43":{"line":701,"type":"if","locations":[{"start":{"line":701,"column":20},"end":{"line":701,"column":20}},{"start":{"line":701,"column":20},"end":{"line":701,"column":20}}]},"44":{"line":723,"type":"if","locations":[{"start":{"line":723,"column":20},"end":{"line":723,"column":20}},{"start":{"line":723,"column":20},"end":{"line":723,"column":20}}]},"45":{"line":729,"type":"if","locations":[{"start":{"line":729,"column":19},"end":{"line":729,"column":19}},{"start":{"line":729,"column":19},"end":{"line":729,"column":19}}]},"46":{"line":736,"type":"if","locations":[{"start":{"line":736,"column":8},"end":{"line":736,"column":8}},{"start":{"line":736,"column":8},"end":{"line":736,"column":8}}]},"47":{"line":758,"type":"if","locations":[{"start":{"line":758,"column":8},"end":{"line":758,"column":8}},{"start":{"line":758,"column":8},"end":{"line":758,"column":8}}]},"48":{"line":762,"type":"if","locations":[{"start":{"line":762,"column":8},"end":{"line":762,"column":8}},{"start":{"line":762,"column":8},"end":{"line":762,"column":8}}]},"49":{"line":764,"type":"if","locations":[{"start":{"line":764,"column":12},"end":{"line":764,"column":12}},{"start":{"line":764,"column":12},"end":{"line":764,"column":12}}]},"50":{"line":767,"type":"if","locations":[{"start":{"line":767,"column":12},"end":{"line":767,"column":12}},{"start":{"line":767,"column":12},"end":{"line":767,"column":12}}]},"51":{"line":775,"type":"if","locations":[{"start":{"line":775,"column":8},"end":{"line":775,"column":8}},{"start":{"line":775,"column":8},"end":{"line":775,"column":8}}]},"52":{"line":776,"type":"if","locations":[{"start":{"line":776,"column":12},"end":{"line":776,"column":12}},{"start":{"line":776,"column":12},"end":{"line":776,"column":12}}]},"53":{"line":780,"type":"if","locations":[{"start":{"line":780,"column":12},"end":{"line":780,"column":12}},{"start":{"line":780,"column":12},"end":{"line":780,"column":12}}]},"54":{"line":782,"type":"if","locations":[{"start":{"line":782,"column":12},"end":{"line":782,"column":12}},{"start":{"line":782,"column":12},"end":{"line":782,"column":12}}]},"55":{"line":786,"type":"if","locations":[{"start":{"line":786,"column":12},"end":{"line":786,"column":12}},{"start":{"line":786,"column":12},"end":{"line":786,"column":12}}]},"56":{"line":801,"type":"if","locations":[{"start":{"line":801,"column":8},"end":{"line":801,"column":8}},{"start":{"line":801,"column":8},"end":{"line":801,"column":8}}]},"57":{"line":808,"type":"if","locations":[{"start":{"line":808,"column":8},"end":{"line":808,"column":8}},{"start":{"line":808,"column":8},"end":{"line":808,"column":8}}]},"58":{"line":809,"type":"if","locations":[{"start":{"line":809,"column":8},"end":{"line":809,"column":8}},{"start":{"line":809,"column":8},"end":{"line":809,"column":8}}]},"59":{"line":816,"type":"if","locations":[{"start":{"line":816,"column":8},"end":{"line":816,"column":8}},{"start":{"line":816,"column":8},"end":{"line":816,"column":8}}]},"60":{"line":817,"type":"if","locations":[{"start":{"line":817,"column":8},"end":{"line":817,"column":8}},{"start":{"line":817,"column":8},"end":{"line":817,"column":8}}]},"61":{"line":823,"type":"if","locations":[{"start":{"line":823,"column":8},"end":{"line":823,"column":8}},{"start":{"line":823,"column":8},"end":{"line":823,"column":8}}]},"62":{"line":826,"type":"if","locations":[{"start":{"line":826,"column":12},"end":{"line":826,"column":12}},{"start":{"line":826,"column":12},"end":{"line":826,"column":12}}]},"63":{"line":829,"type":"if","locations":[{"start":{"line":829,"column":8},"end":{"line":829,"column":8}},{"start":{"line":829,"column":8},"end":{"line":829,"column":8}}]},"64":{"line":832,"type":"if","locations":[{"start":{"line":832,"column":12},"end":{"line":832,"column":12}},{"start":{"line":832,"column":12},"end":{"line":832,"column":12}}]},"65":{"line":841,"type":"if","locations":[{"start":{"line":841,"column":8},"end":{"line":841,"column":8}},{"start":{"line":841,"column":8},"end":{"line":841,"column":8}}]},"66":{"line":859,"type":"if","locations":[{"start":{"line":859,"column":8},"end":{"line":859,"column":8}},{"start":{"line":859,"column":8},"end":{"line":859,"column":8}}]},"67":{"line":860,"type":"if","locations":[{"start":{"line":860,"column":12},"end":{"line":860,"column":12}},{"start":{"line":860,"column":12},"end":{"line":860,"column":12}}]},"68":{"line":864,"type":"if","locations":[{"start":{"line":864,"column":8},"end":{"line":864,"column":8}},{"start":{"line":864,"column":8},"end":{"line":864,"column":8}}]},"69":{"line":865,"type":"if","locations":[{"start":{"line":865,"column":12},"end":{"line":865,"column":12}},{"start":{"line":865,"column":12},"end":{"line":865,"column":12}}]}}},
"contracts/UniswapV3PoolDeployer.sol":{"l":{"34":0,"35":0,"36":0},"path":"/Users/justin/repos/labrys/v3-core-project-x/contracts/UniswapV3PoolDeployer.sol","s":{"1":0,"2":0},"b":{},"f":{"1":0},"fnMap":{"1":{"name":"deploy","line":27,"loc":{"start":{"line":27,"column":4},"end":{"line":37,"column":4}}}},"statementMap":{"1":{"start":{"line":34,"column":8},"end":{"line":34,"column":118}},"2":{"start":{"line":35,"column":8},"end":{"line":35,"column":92}}},"branchMap":{}}}
