TN:
SF:/Users/justin/repos/labrys/v3-core-project-x/contracts/interfaces/callback/IUniswapV3FlashCallback.sol
FNF:0
FNH:0
LF:0
LH:0
BRF:0
BRH:0
end_of_record
TN:
SF:/Users/justin/repos/labrys/v3-core-project-x/contracts/interfaces/callback/IUniswapV3MintCallback.sol
FNF:0
FNH:0
LF:0
LH:0
BRF:0
BRH:0
end_of_record
TN:
SF:/Users/justin/repos/labrys/v3-core-project-x/contracts/interfaces/callback/IUniswapV3SwapCallback.sol
FNF:0
FNH:0
LF:0
LH:0
BRF:0
BRH:0
end_of_record
TN:
SF:/Users/justin/repos/labrys/v3-core-project-x/contracts/interfaces/IERC20Minimal.sol
FNF:0
FNH:0
LF:0
LH:0
BRF:0
BRH:0
end_of_record
TN:
SF:/Users/justin/repos/labrys/v3-core-project-x/contracts/interfaces/IUniswapV3Factory.sol
FNF:0
FNH:0
LF:0
LH:0
BRF:0
BRH:0
end_of_record
TN:
SF:/Users/justin/repos/labrys/v3-core-project-x/contracts/interfaces/IUniswapV3Pool.sol
FNF:0
FNH:0
LF:0
LH:0
BRF:0
BRH:0
end_of_record
TN:
SF:/Users/justin/repos/labrys/v3-core-project-x/contracts/interfaces/IUniswapV3PoolDeployer.sol
FNF:0
FNH:0
LF:0
LH:0
BRF:0
BRH:0
end_of_record
TN:
SF:/Users/justin/repos/labrys/v3-core-project-x/contracts/interfaces/pool/IUniswapV3PoolActions.sol
FNF:0
FNH:0
LF:0
LH:0
BRF:0
BRH:0
end_of_record
TN:
SF:/Users/justin/repos/labrys/v3-core-project-x/contracts/interfaces/pool/IUniswapV3PoolDerivedState.sol
FNF:0
FNH:0
LF:0
LH:0
BRF:0
BRH:0
end_of_record
TN:
SF:/Users/justin/repos/labrys/v3-core-project-x/contracts/interfaces/pool/IUniswapV3PoolEvents.sol
FNF:0
FNH:0
LF:0
LH:0
BRF:0
BRH:0
end_of_record
TN:
SF:/Users/justin/repos/labrys/v3-core-project-x/contracts/interfaces/pool/IUniswapV3PoolImmutables.sol
FNF:0
FNH:0
LF:0
LH:0
BRF:0
BRH:0
end_of_record
TN:
SF:/Users/justin/repos/labrys/v3-core-project-x/contracts/interfaces/pool/IUniswapV3PoolOwnerActions.sol
FNF:0
FNH:0
LF:0
LH:0
BRF:0
BRH:0
end_of_record
TN:
SF:/Users/justin/repos/labrys/v3-core-project-x/contracts/interfaces/pool/IUniswapV3PoolState.sol
FNF:0
FNH:0
LF:0
LH:0
BRF:0
BRH:0
end_of_record
TN:
SF:/Users/justin/repos/labrys/v3-core-project-x/contracts/libraries/BitMath.sol
FN:13,mostSignificantBit
FN:53,leastSignificantBit
FNF:2
FNH:0
FNDA:0,mostSignificantBit
FNDA:0,leastSignificantBit
DA:14,0
DA:16,0
DA:17,0
DA:18,0
DA:20,0
DA:21,0
DA:22,0
DA:24,0
DA:25,0
DA:26,0
DA:28,0
DA:29,0
DA:30,0
DA:32,0
DA:33,0
DA:34,0
DA:36,0
DA:37,0
DA:38,0
DA:40,0
DA:41,0
DA:42,0
DA:44,0
DA:54,0
DA:56,0
DA:57,0
DA:58,0
DA:60,0
DA:62,0
DA:63,0
DA:65,0
DA:67,0
DA:68,0
DA:70,0
DA:72,0
DA:73,0
DA:75,0
DA:77,0
DA:78,0
DA:80,0
DA:82,0
DA:83,0
DA:85,0
DA:87,0
DA:88,0
DA:90,0
DA:92,0
LF:47
LH:0
BRDA:14,1,0,0
BRDA:14,1,1,0
BRDA:16,2,0,0
BRDA:16,2,1,0
BRDA:20,3,0,0
BRDA:20,3,1,0
BRDA:24,4,0,0
BRDA:24,4,1,0
BRDA:28,5,0,0
BRDA:28,5,1,0
BRDA:32,6,0,0
BRDA:32,6,1,0
BRDA:36,7,0,0
BRDA:36,7,1,0
BRDA:40,8,0,0
BRDA:40,8,1,0
BRDA:44,9,0,0
BRDA:44,9,1,0
BRDA:54,10,0,0
BRDA:54,10,1,0
BRDA:57,11,0,0
BRDA:57,11,1,0
BRDA:62,12,0,0
BRDA:62,12,1,0
BRDA:67,13,0,0
BRDA:67,13,1,0
BRDA:72,14,0,0
BRDA:72,14,1,0
BRDA:77,15,0,0
BRDA:77,15,1,0
BRDA:82,16,0,0
BRDA:82,16,1,0
BRDA:87,17,0,0
BRDA:87,17,1,0
BRDA:92,18,0,0
BRDA:92,18,1,0
BRF:36
BRH:0
end_of_record
TN:
SF:/Users/justin/repos/labrys/v3-core-project-x/contracts/libraries/FixedPoint128.sol
FNF:0
FNH:0
LF:0
LH:0
BRF:0
BRH:0
end_of_record
TN:
SF:/Users/justin/repos/labrys/v3-core-project-x/contracts/libraries/FixedPoint96.sol
FNF:0
FNH:0
LF:0
LH:0
BRF:0
BRH:0
end_of_record
TN:
SF:/Users/justin/repos/labrys/v3-core-project-x/contracts/libraries/FullMath.sol
FN:14,mulDiv
FN:113,mulDivRoundingUp
FNF:2
FNH:0
FNDA:0,mulDiv
FNDA:0,mulDivRoundingUp
DA:24,0
DA:25,0
DA:26,0
DA:33,0
DA:34,0
DA:35,0
DA:38,0
DA:43,0
DA:51,0
DA:52,0
DA:56,0
DA:64,0
DA:66,0
DA:71,0
DA:77,0
DA:80,0
DA:87,0
DA:91,0
DA:92,0
DA:93,0
DA:94,0
DA:95,0
DA:96,0
DA:104,0
DA:105,0
DA:118,0
DA:119,0
DA:120,0
DA:121,0
LF:29
LH:0
BRDA:33,1,0,0
BRDA:33,1,1,0
BRDA:34,2,0,0
BRDA:34,2,1,0
BRDA:43,3,0,0
BRDA:43,3,1,0
BRDA:119,4,0,0
BRDA:119,4,1,0
BRDA:120,5,0,0
BRDA:120,5,1,0
BRF:10
BRH:0
end_of_record
TN:
SF:/Users/justin/repos/labrys/v3-core-project-x/contracts/libraries/LiquidityMath.sol
FN:10,addDelta
FNF:1
FNH:0
FNDA:0,addDelta
DA:11,0
DA:12,0
DA:14,0
LF:3
LH:0
BRDA:11,1,0,0
BRDA:11,1,1,0
BRDA:12,2,0,0
BRDA:12,2,1,0
BRDA:14,3,0,0
BRDA:14,3,1,0
BRF:6
BRH:0
end_of_record
TN:
SF:/Users/justin/repos/labrys/v3-core-project-x/contracts/libraries/LowGasSafeMath.sol
FN:11,add
FN:19,sub
FN:27,mul
FN:35,add
FN:43,sub
FNF:5
FNH:0
FNDA:0,add
FNDA:0,sub
FNDA:0,mul
FNDA:0,add
FNDA:0,sub
DA:12,0
DA:20,0
DA:28,0
DA:36,0
DA:44,0
LF:5
LH:0
BRDA:12,1,0,0
BRDA:12,1,1,0
BRDA:20,2,0,0
BRDA:20,2,1,0
BRDA:28,3,0,0
BRDA:28,3,1,0
BRDA:36,4,0,0
BRDA:36,4,1,0
BRDA:44,5,0,0
BRDA:44,5,1,0
BRF:10
BRH:0
end_of_record
TN:
SF:/Users/justin/repos/labrys/v3-core-project-x/contracts/libraries/Oracle.sol
FN:30,transform
FN:52,initialize
FN:78,write
FN:108,grow
FN:128,lte
FN:153,binarySearch
FN:198,getSurroundingObservations
FN:245,observeSingle
FN:300,observe
FNF:9
FNH:0
FNDA:0,transform
FNDA:0,initialize
FNDA:0,write
FNDA:0,grow
FNDA:0,lte
FNDA:0,binarySearch
FNDA:0,getSurroundingObservations
FNDA:0,observeSingle
FNDA:0,observe
DA:36,0
DA:37,0
DA:56,0
DA:62,0
DA:87,0
DA:90,0
DA:93,0
DA:94,0
DA:96,0
DA:99,0
DA:100,0
DA:113,0
DA:115,0
DA:118,0
DA:119,0
DA:134,0
DA:136,0
DA:137,0
DA:139,0
DA:160,0
DA:161,0
DA:162,0
DA:163,0
DA:164,0
DA:166,0
DA:169,0
DA:170,0
DA:171,0
DA:174,0
DA:176,0
DA:179,0
DA:181,0
DA:208,0
DA:211,0
DA:212,0
DA:214,0
DA:217,0
DA:222,0
DA:223,0
DA:226,0
DA:229,0
DA:254,0
DA:255,0
DA:256,0
DA:257,0
DA:260,0
DA:262,0
DA:265,0
DA:267,0
DA:270,0
DA:273,0
DA:274,0
DA:275,0
DA:309,0
DA:311,0
DA:312,0
DA:313,0
DA:314,0
LF:58
LH:0
BRDA:90,1,0,0
BRDA:90,1,1,0
BRDA:93,2,0,0
BRDA:93,2,1,0
BRDA:113,3,0,0
BRDA:113,3,1,0
BRDA:115,4,0,0
BRDA:115,4,1,0
BRDA:134,5,0,0
BRDA:134,5,1,0
BRDA:169,6,0,0
BRDA:169,6,1,0
BRDA:179,7,0,0
BRDA:179,7,1,0
BRDA:181,8,0,0
BRDA:181,8,1,0
BRDA:211,9,0,0
BRDA:211,9,1,0
BRDA:212,10,0,0
BRDA:212,10,1,0
BRDA:223,11,0,0
BRDA:223,11,1,0
BRDA:226,12,0,0
BRDA:226,12,1,0
BRDA:254,13,0,0
BRDA:254,13,1,0
BRDA:256,14,0,0
BRDA:256,14,1,0
BRDA:265,15,0,0
BRDA:265,15,1,0
BRDA:268,16,0,0
BRDA:268,16,1,0
BRDA:309,17,0,0
BRDA:309,17,1,0
BRF:34
BRH:0
end_of_record
TN:
SF:/Users/justin/repos/labrys/v3-core-project-x/contracts/libraries/Position.sol
FN:30,get
FN:44,update
FNF:2
FNH:0
FNDA:0,get
FNDA:0,update
DA:36,0
DA:50,0
DA:52,0
DA:53,0
DA:54,0
DA:55,0
DA:57,0
DA:61,0
DA:69,0
DA:79,0
DA:80,0
DA:81,0
DA:82,0
DA:84,0
DA:85,0
LF:15
LH:0
BRDA:53,1,0,0
BRDA:53,1,1,0
BRDA:54,2,0,0
BRDA:54,2,1,0
BRDA:79,3,0,0
BRDA:79,3,1,0
BRDA:82,4,0,0
BRDA:82,4,1,0
BRF:8
BRH:0
end_of_record
TN:
SF:/Users/justin/repos/labrys/v3-core-project-x/contracts/libraries/SafeCast.sol
FN:10,toUint160
FN:17,toInt128
FN:24,toInt256
FNF:3
FNH:0
FNDA:0,toUint160
FNDA:0,toInt128
FNDA:0,toInt256
DA:11,0
DA:18,0
DA:25,0
DA:26,0
LF:4
LH:0
BRDA:11,1,0,0
BRDA:11,1,1,0
BRDA:18,2,0,0
BRDA:18,2,1,0
BRDA:25,3,0,0
BRDA:25,3,1,0
BRF:6
BRH:0
end_of_record
TN:
SF:/Users/justin/repos/labrys/v3-core-project-x/contracts/libraries/SqrtPriceMath.sol
FN:28,getNextSqrtPriceFromAmount0RoundingUp
FN:68,getNextSqrtPriceFromAmount1RoundingDown
FN:106,getNextSqrtPriceFromInput
FN:129,getNextSqrtPriceFromOutput
FN:153,getAmount0Delta
FN:182,getAmount1Delta
FN:201,getAmount0Delta
FN:217,getAmount1Delta
FNF:8
FNH:0
FNDA:0,getNextSqrtPriceFromAmount0RoundingUp
FNDA:0,getNextSqrtPriceFromAmount1RoundingDown
FNDA:0,getNextSqrtPriceFromInput
FNDA:0,getNextSqrtPriceFromOutput
FNDA:0,getAmount0Delta
FNDA:0,getAmount1Delta
FNDA:0,getAmount0Delta
FNDA:0,getAmount1Delta
DA:35,0
DA:36,0
DA:38,0
DA:39,0
DA:40,0
DA:41,0
DA:42,0
DA:44,0
DA:47,0
DA:49,0
DA:52,0
DA:53,0
DA:54,0
DA:76,0
DA:77,0
DA:84,0
DA:86,0
DA:93,0
DA:95,0
DA:112,0
DA:113,0
DA:116,0
DA:135,0
DA:136,0
DA:139,0
DA:159,0
DA:161,0
DA:162,0
DA:164,0
DA:166,0
DA:188,0
DA:190,0
DA:206,0
DA:222,0
LF:34
LH:0
BRDA:35,1,0,0
BRDA:35,1,1,0
BRDA:38,2,0,0
BRDA:38,2,1,0
BRDA:40,3,0,0
BRDA:40,3,1,0
BRDA:42,4,0,0
BRDA:42,4,1,0
BRDA:52,5,0,0
BRDA:52,5,1,0
BRDA:76,6,0,0
BRDA:76,6,1,0
BRDA:93,7,0,0
BRDA:93,7,1,0
BRDA:112,8,0,0
BRDA:112,8,1,0
BRDA:113,9,0,0
BRDA:113,9,1,0
BRDA:135,10,0,0
BRDA:135,10,1,0
BRDA:136,11,0,0
BRDA:136,11,1,0
BRDA:159,12,0,0
BRDA:159,12,1,0
BRDA:164,13,0,0
BRDA:164,13,1,0
BRDA:188,14,0,0
BRDA:188,14,1,0
BRF:28
BRH:0
end_of_record
TN:
SF:/Users/justin/repos/labrys/v3-core-project-x/contracts/libraries/SwapMath.sol
FN:21,computeSwapStep
FNF:1
FNH:0
FNDA:0,computeSwapStep
DA:37,0
DA:38,0
DA:40,0
DA:41,0
DA:42,0
DA:45,0
DA:47,0
DA:54,0
DA:57,0
DA:59,0
DA:67,0
DA:70,0
DA:71,0
DA:74,0
DA:78,0
DA:81,0
DA:87,0
DA:88,0
DA:91,0
DA:93,0
DA:95,0
LF:21
LH:0
BRDA:40,1,0,0
BRDA:40,1,1,0
BRDA:45,2,0,0
BRDA:45,2,1,0
BRDA:57,3,0,0
BRDA:57,3,1,0
BRDA:70,4,0,0
BRDA:70,4,1,0
BRDA:87,5,0,0
BRDA:87,5,1,0
BRDA:91,6,0,0
BRDA:91,6,1,0
BRF:12
BRH:0
end_of_record
TN:
SF:/Users/justin/repos/labrys/v3-core-project-x/contracts/libraries/Tick.sol
FN:44,tickSpacingToMaxLiquidityPerTick
FN:60,getFeeGrowthInside
FN:110,update
FN:155,clear
FN:168,cross
FNF:5
FNH:0
FNDA:0,tickSpacingToMaxLiquidityPerTick
FNDA:0,getFeeGrowthInside
FNDA:0,update
FNDA:0,clear
FNDA:0,cross
DA:45,0
DA:46,0
DA:47,0
DA:48,0
DA:68,0
DA:69,0
DA:72,0
DA:73,0
DA:74,0
DA:75,0
DA:76,0
DA:78,0
DA:79,0
DA:83,0
DA:84,0
DA:85,0
DA:86,0
DA:87,0
DA:89,0
DA:90,0
DA:93,0
DA:94,0
DA:123,0
DA:125,0
DA:126,0
DA:128,0
DA:130,0
DA:132,0
DA:134,0
DA:135,0
DA:136,0
DA:137,0
DA:138,0
DA:139,0
DA:141,0
DA:144,0
DA:147,0
DA:156,0
DA:177,0
DA:178,0
DA:179,0
DA:180,0
DA:181,0
DA:182,0
DA:183,0
LF:45
LH:0
BRDA:74,1,0,0
BRDA:74,1,1,0
BRDA:85,2,0,0
BRDA:85,2,1,0
BRDA:128,3,0,0
BRDA:128,3,1,0
BRDA:132,4,0,0
BRDA:132,4,1,0
BRDA:134,5,0,0
BRDA:134,5,1,0
BRF:10
BRH:0
end_of_record
TN:
SF:/Users/justin/repos/labrys/v3-core-project-x/contracts/libraries/TickBitmap.sol
FN:14,position
FN:23,flipTick
FN:42,nextInitializedTickWithinOneWord
FNF:3
FNH:0
FNDA:0,position
FNDA:0,flipTick
FNDA:0,nextInitializedTickWithinOneWord
DA:15,0
DA:16,0
DA:28,0
DA:29,0
DA:30,0
DA:31,0
DA:48,0
DA:49,0
DA:51,0
DA:52,0
DA:54,0
DA:55,0
DA:58,0
DA:60,0
DA:65,0
DA:67,0
DA:68,0
DA:71,0
DA:73,0
LF:19
LH:0
BRDA:28,1,0,0
BRDA:28,1,1,0
BRDA:49,2,0,0
BRDA:49,2,1,0
BRDA:51,3,0,0
BRDA:51,3,1,0
BRF:6
BRH:0
end_of_record
TN:
SF:/Users/justin/repos/labrys/v3-core-project-x/contracts/libraries/TickMath.sol
FN:23,getSqrtRatioAtTick
FN:61,getTickAtSqrtRatio
FNF:2
FNH:0
FNDA:0,getSqrtRatioAtTick
FNDA:0,getTickAtSqrtRatio
DA:24,0
DA:25,0
DA:27,0
DA:28,0
DA:29,0
DA:30,0
DA:31,0
DA:32,0
DA:33,0
DA:34,0
DA:35,0
DA:36,0
DA:37,0
DA:38,0
DA:39,0
DA:40,0
DA:41,0
DA:42,0
DA:43,0
DA:44,0
DA:45,0
DA:46,0
DA:48,0
DA:53,0
DA:63,0
DA:64,0
DA:66,0
DA:67,0
DA:69,0
DA:74,0
DA:79,0
DA:84,0
DA:89,0
DA:94,0
DA:99,0
DA:104,0
DA:109,0
DA:112,0
DA:114,0
DA:120,0
DA:126,0
DA:132,0
DA:138,0
DA:144,0
DA:150,0
DA:156,0
DA:162,0
DA:168,0
DA:174,0
DA:180,0
DA:186,0
DA:192,0
DA:198,0
DA:200,0
DA:201,0
DA:203,0
LF:56
LH:0
BRDA:25,1,0,0
BRDA:25,1,1,0
BRDA:28,2,0,0
BRDA:28,2,1,0
BRDA:29,3,0,0
BRDA:29,3,1,0
BRDA:30,4,0,0
BRDA:30,4,1,0
BRDA:31,5,0,0
BRDA:31,5,1,0
BRDA:32,6,0,0
BRDA:32,6,1,0
BRDA:33,7,0,0
BRDA:33,7,1,0
BRDA:34,8,0,0
BRDA:34,8,1,0
BRDA:35,9,0,0
BRDA:35,9,1,0
BRDA:36,10,0,0
BRDA:36,10,1,0
BRDA:37,11,0,0
BRDA:37,11,1,0
BRDA:38,12,0,0
BRDA:38,12,1,0
BRDA:39,13,0,0
BRDA:39,13,1,0
BRDA:40,14,0,0
BRDA:40,14,1,0
BRDA:41,15,0,0
BRDA:41,15,1,0
BRDA:42,16,0,0
BRDA:42,16,1,0
BRDA:43,17,0,0
BRDA:43,17,1,0
BRDA:44,18,0,0
BRDA:44,18,1,0
BRDA:45,19,0,0
BRDA:45,19,1,0
BRDA:46,20,0,0
BRDA:46,20,1,0
BRDA:48,21,0,0
BRDA:48,21,1,0
BRDA:63,22,0,0
BRDA:63,22,1,0
BRDA:109,23,0,0
BRDA:109,23,1,0
BRF:46
BRH:0
end_of_record
TN:
SF:/Users/justin/repos/labrys/v3-core-project-x/contracts/libraries/TransferHelper.sol
FN:14,safeTransfer
FNF:1
FNH:0
FNDA:0,safeTransfer
DA:19,0
DA:21,0
LF:2
LH:0
BRDA:21,1,0,0
BRDA:21,1,1,0
BRF:2
BRH:0
end_of_record
TN:
SF:/Users/justin/repos/labrys/v3-core-project-x/contracts/libraries/UnsafeMath.sol
FN:12,divRoundingUp
FNF:1
FNH:0
FNDA:0,divRoundingUp
DA:13,0
LF:1
LH:0
BRF:0
BRH:0
end_of_record
TN:
SF:/Users/justin/repos/labrys/v3-core-project-x/contracts/NoDelegateCall.sol
FN:10,constructor
FN:18,checkNotDelegateCall
FN:23,noDelegateCall
FNF:3
FNH:0
FNDA:0,constructor
FNDA:0,checkNotDelegateCall
FNDA:0,noDelegateCall
DA:13,0
DA:19,0
DA:24,0
DA:25,0
LF:4
LH:0
BRDA:19,1,0,0
BRDA:19,1,1,0
BRF:2
BRH:0
end_of_record
TN:
SF:/Users/justin/repos/labrys/v3-core-project-x/contracts/test/BitMathEchidnaTest.sol
FN:7,mostSignificantBitInvariant
FN:13,leastSignificantBitInvariant
FNF:2
FNH:0
FNDA:0,mostSignificantBitInvariant
FNDA:0,leastSignificantBitInvariant
DA:8,0
DA:9,0
DA:10,0
DA:14,0
DA:15,0
DA:16,0
LF:6
LH:0
BRF:0
BRH:0
end_of_record
TN:
SF:/Users/justin/repos/labrys/v3-core-project-x/contracts/test/BitMathTest.sol
FN:7,mostSignificantBit
FN:11,getGasCostOfMostSignificantBit
FN:17,leastSignificantBit
FN:21,getGasCostOfLeastSignificantBit
FNF:4
FNH:0
FNDA:0,mostSignificantBit
FNDA:0,getGasCostOfMostSignificantBit
FNDA:0,leastSignificantBit
FNDA:0,getGasCostOfLeastSignificantBit
DA:8,0
DA:12,0
DA:13,0
DA:14,0
DA:18,0
DA:22,0
DA:23,0
DA:24,0
LF:8
LH:0
BRF:0
BRH:0
end_of_record
TN:
SF:/Users/justin/repos/labrys/v3-core-project-x/contracts/test/FullMathEchidnaTest.sol
FN:7,checkMulDivRounding
FN:24,checkMulDiv
FN:46,checkMulDivRoundingUp
FNF:3
FNH:0
FNDA:0,checkMulDivRounding
FNDA:0,checkMulDiv
FNDA:0,checkMulDivRoundingUp
DA:12,0
DA:14,0
DA:15,0
DA:17,0
DA:18,0
DA:20,0
DA:29,0
DA:30,0
DA:31,0
DA:32,0
DA:33,0
DA:37,0
DA:38,0
DA:39,0
DA:40,0
DA:42,0
DA:43,0
DA:51,0
DA:52,0
DA:53,0
DA:54,0
DA:55,0
DA:59,0
DA:60,0
DA:61,0
DA:62,0
DA:64,0
DA:65,0
LF:28
LH:0
BRDA:12,1,0,0
BRDA:12,1,1,0
BRDA:17,2,0,0
BRDA:17,2,1,0
BRDA:29,3,0,0
BRDA:29,3,1,0
BRDA:31,4,0,0
BRDA:31,4,1,0
BRDA:51,5,0,0
BRDA:51,5,1,0
BRDA:53,6,0,0
BRDA:53,6,1,0
BRF:12
BRH:0
end_of_record
TN:
SF:/Users/justin/repos/labrys/v3-core-project-x/contracts/test/FullMathTest.sol
FN:7,mulDiv
FN:15,mulDivRoundingUp
FNF:2
FNH:0
FNDA:0,mulDiv
FNDA:0,mulDivRoundingUp
DA:12,0
DA:20,0
LF:2
LH:0
BRF:0
BRH:0
end_of_record
TN:
SF:/Users/justin/repos/labrys/v3-core-project-x/contracts/test/LiquidityMathTest.sol
FN:7,addDelta
FN:11,getGasCostOfAddDelta
FNF:2
FNH:0
FNDA:0,addDelta
FNDA:0,getGasCostOfAddDelta
DA:8,0
DA:12,0
DA:13,0
DA:14,0
LF:4
LH:0
BRF:0
BRH:0
end_of_record
TN:
SF:/Users/justin/repos/labrys/v3-core-project-x/contracts/test/LowGasSafeMathEchidnaTest.sol
FN:7,checkAdd
FN:13,checkSub
FN:19,checkMul
FN:25,checkAddi
FN:31,checkSubi
FNF:5
FNH:0
FNDA:0,checkAdd
FNDA:0,checkSub
FNDA:0,checkMul
FNDA:0,checkAddi
FNDA:0,checkSubi
DA:8,0
DA:9,0
DA:10,0
DA:14,0
DA:15,0
DA:16,0
DA:20,0
DA:21,0
DA:22,0
DA:26,0
DA:27,0
DA:28,0
DA:32,0
DA:33,0
DA:34,0
LF:15
LH:0
BRF:0
BRH:0
end_of_record
TN:
SF:/Users/justin/repos/labrys/v3-core-project-x/contracts/test/MockTimeUniswapV3Pool.sol
FN:11,setFeeGrowthGlobal0X128
FN:15,setFeeGrowthGlobal1X128
FN:19,advanceTime
FN:23,_blockTimestamp
FNF:4
FNH:0
FNDA:0,setFeeGrowthGlobal0X128
FNDA:0,setFeeGrowthGlobal1X128
FNDA:0,advanceTime
FNDA:0,_blockTimestamp
DA:12,0
DA:16,0
DA:20,0
DA:24,0
LF:4
LH:0
BRF:0
BRH:0
end_of_record
TN:
SF:/Users/justin/repos/labrys/v3-core-project-x/contracts/test/MockTimeUniswapV3PoolDeployer.sol
FN:21,deploy
FNF:1
FNH:0
FNDA:0,deploy
DA:28,0
DA:29,0
DA:32,0
DA:33,0
LF:4
LH:0
BRF:0
BRH:0
end_of_record
TN:
SF:/Users/justin/repos/labrys/v3-core-project-x/contracts/test/NoDelegateCallTest.sol
FN:7,canBeDelegateCalled
FN:11,cannotBeDelegateCalled
FN:15,getGasCostOfCanBeDelegateCalled
FN:21,getGasCostOfCannotBeDelegateCalled
FN:27,callsIntoNoDelegateCallFunction
FN:31,noDelegateCallPrivate
FNF:6
FNH:0
FNDA:0,canBeDelegateCalled
FNDA:0,cannotBeDelegateCalled
FNDA:0,getGasCostOfCanBeDelegateCalled
FNDA:0,getGasCostOfCannotBeDelegateCalled
FNDA:0,callsIntoNoDelegateCallFunction
FNDA:0,noDelegateCallPrivate
DA:8,0
DA:12,0
DA:16,0
DA:17,0
DA:18,0
DA:22,0
DA:23,0
DA:24,0
DA:28,0
LF:9
LH:0
BRF:0
BRH:0
end_of_record
TN:
SF:/Users/justin/repos/labrys/v3-core-project-x/contracts/test/OracleEchidnaTest.sol
FN:13,constructor
FN:17,initialize
FN:26,limitTimePassed
FN:31,advanceTime
FN:37,update
FN:46,grow
FN:50,checkTimeWeightedResultAssertions
FN:73,echidna_indexAlwaysLtCardinality
FN:77,echidna_AlwaysInitialized
FN:82,echidna_cardinalityAlwaysLteNext
FN:86,echidna_canAlwaysObserve0IfInitialized
FN:96,checkTwoAdjacentObservationsTickCumulativeModTimeElapsedAlways0
FN:113,checkTimeWeightedAveragesAlwaysFitsType
FNF:13
FNH:0
FNDA:0,constructor
FNDA:0,initialize
FNDA:0,limitTimePassed
FNDA:0,advanceTime
FNDA:0,update
FNDA:0,grow
FNDA:0,checkTimeWeightedResultAssertions
FNDA:0,echidna_indexAlwaysLtCardinality
FNDA:0,echidna_AlwaysInitialized
FNDA:0,echidna_cardinalityAlwaysLteNext
FNDA:0,echidna_canAlwaysObserve0IfInitialized
FNDA:0,checkTwoAdjacentObservationsTickCumulativeModTimeElapsedAlways0
FNDA:0,checkTimeWeightedAveragesAlwaysFitsType
DA:14,0
DA:22,0
DA:23,0
DA:27,0
DA:28,0
DA:32,0
DA:33,0
DA:42,0
DA:43,0
DA:47,0
DA:51,0
DA:52,0
DA:54,0
DA:56,0
DA:58,0
DA:59,0
DA:60,0
DA:62,0
DA:64,0
DA:65,0
DA:68,0
DA:69,0
DA:70,0
DA:74,0
DA:78,0
DA:79,0
DA:83,0
DA:87,0
DA:88,0
DA:90,0
DA:91,0
DA:92,0
DA:93,0
DA:97,0
DA:99,0
DA:101,0
DA:103,0
DA:105,0
DA:106,0
DA:108,0
DA:109,0
DA:110,0
DA:114,0
DA:115,0
DA:116,0
DA:117,0
DA:118,0
DA:119,0
DA:123,0
DA:124,0
DA:125,0
DA:126,0
DA:130,0
DA:132,0
DA:135,0
LF:55
LH:0
BRDA:27,1,0,0
BRDA:27,1,1,0
BRDA:51,2,0,0
BRDA:51,2,1,0
BRDA:52,3,0,0
BRDA:52,3,1,0
BRDA:54,4,0,0
BRDA:54,4,1,0
BRDA:87,5,0,0
BRDA:87,5,1,0
BRDA:99,6,0,0
BRDA:99,6,1,0
BRDA:105,7,0,0
BRDA:105,7,1,0
BRDA:106,8,0,0
BRDA:106,8,1,0
BRDA:114,9,0,0
BRDA:114,9,1,0
BRDA:115,10,0,0
BRDA:115,10,1,0
BRDA:125,11,0,0
BRDA:125,11,1,0
BRF:22
BRH:0
end_of_record
TN:
SF:/Users/justin/repos/labrys/v3-core-project-x/contracts/test/OracleTest.sol
FN:25,initialize
FN:33,advanceTime
FN:44,update
FN:51,batchUpdate
FN:82,grow
FN:86,observe
FN:94,getGasCostOfObserve
FNF:7
FNH:0
FNDA:0,initialize
FNDA:0,advanceTime
FNDA:0,update
FNDA:0,batchUpdate
FNDA:0,grow
FNDA:0,observe
FNDA:0,getGasCostOfObserve
DA:26,0
DA:27,0
DA:28,0
DA:29,0
DA:30,0
DA:34,0
DA:45,0
DA:46,0
DA:47,0
DA:48,0
DA:53,0
DA:54,0
DA:55,0
DA:56,0
DA:57,0
DA:58,0
DA:60,0
DA:61,0
DA:62,0
DA:70,0
DA:71,0
DA:75,0
DA:76,0
DA:77,0
DA:78,0
DA:79,0
DA:83,0
DA:91,0
DA:95,0
DA:96,0
DA:97,0
DA:98,0
LF:32
LH:0
BRDA:26,1,0,0
BRDA:26,1,1,0
BRF:2
BRH:0
end_of_record
TN:
SF:/Users/justin/repos/labrys/v3-core-project-x/contracts/test/SqrtPriceMathEchidnaTest.sol
FN:9,mulDivRoundingUpInvariants
FN:26,getNextSqrtPriceFromInputInvariants
FN:43,getNextSqrtPriceFromOutputInvariants
FN:61,getNextSqrtPriceFromAmount0RoundingUpInvariants
FN:82,getNextSqrtPriceFromAmount1RoundingDownInvariants
FN:103,getAmount0DeltaInvariants
FN:123,getAmount0DeltaEquivalency
FN:146,getAmount1DeltaInvariants
FN:164,getAmount0DeltaSignedInvariants
FN:180,getAmount1DeltaSignedInvariants
FN:196,getOutOfRangeMintInvariants
FN:216,getInRangeMintInvariants
FNF:12
FNH:0
FNDA:0,mulDivRoundingUpInvariants
FNDA:0,getNextSqrtPriceFromInputInvariants
FNDA:0,getNextSqrtPriceFromOutputInvariants
FNDA:0,getNextSqrtPriceFromAmount0RoundingUpInvariants
FNDA:0,getNextSqrtPriceFromAmount1RoundingDownInvariants
FNDA:0,getAmount0DeltaInvariants
FNDA:0,getAmount0DeltaEquivalency
FNDA:0,getAmount1DeltaInvariants
FNDA:0,getAmount0DeltaSignedInvariants
FNDA:0,getAmount1DeltaSignedInvariants
FNDA:0,getOutOfRangeMintInvariants
FNDA:0,getInRangeMintInvariants
DA:14,0
DA:15,0
DA:16,0
DA:17,0
DA:18,0
DA:19,0
DA:20,0
DA:22,0
DA:32,0
DA:34,0
DA:35,0
DA:36,0
DA:38,0
DA:39,0
DA:49,0
DA:51,0
DA:52,0
DA:53,0
DA:55,0
DA:56,0
DA:57,0
DA:67,0
DA:68,0
DA:69,0
DA:71,0
DA:72,0
DA:74,0
DA:77,0
DA:78,0
DA:88,0
DA:89,0
DA:90,0
DA:92,0
DA:93,0
DA:95,0
DA:98,0
DA:99,0
DA:108,0
DA:110,0
DA:111,0
DA:113,0
DA:114,0
DA:116,0
DA:118,0
DA:129,0
DA:130,0
DA:131,0
DA:133,0
DA:134,0
DA:135,0
DA:137,0
DA:141,0
DA:143,0
DA:151,0
DA:153,0
DA:154,0
DA:156,0
DA:157,0
DA:159,0
DA:161,0
DA:169,0
DA:171,0
DA:172,0
DA:173,0
DA:174,0
DA:177,0
DA:185,0
DA:187,0
DA:188,0
DA:189,0
DA:190,0
DA:193,0
DA:201,0
DA:202,0
DA:204,0
DA:205,0
DA:207,0
DA:208,0
DA:209,0
DA:211,0
DA:212,0
DA:222,0
DA:223,0
DA:224,0
DA:225,0
DA:227,0
DA:228,0
DA:230,0
LF:88
LH:0
BRDA:14,1,0,0
BRDA:14,1,1,0
BRDA:19,2,0,0
BRDA:19,2,1,0
BRDA:34,3,0,0
BRDA:34,3,1,0
BRDA:51,4,0,0
BRDA:51,4,1,0
BRDA:67,5,0,0
BRDA:67,5,1,0
BRDA:68,6,0,0
BRDA:68,6,1,0
BRDA:71,7,0,0
BRDA:71,7,1,0
BRDA:77,8,0,0
BRDA:77,8,1,0
BRDA:88,9,0,0
BRDA:88,9,1,0
BRDA:89,10,0,0
BRDA:89,10,1,0
BRDA:92,11,0,0
BRDA:92,11,1,0
BRDA:98,12,0,0
BRDA:98,12,1,0
BRDA:108,13,0,0
BRDA:108,13,1,0
BRDA:129,14,0,0
BRDA:129,14,1,0
BRDA:130,15,0,0
BRDA:130,15,1,0
BRDA:131,16,0,0
BRDA:131,16,1,0
BRDA:151,17,0,0
BRDA:151,17,1,0
BRDA:169,18,0,0
BRDA:169,18,1,0
BRDA:172,19,0,0
BRDA:172,19,1,0
BRDA:173,20,0,0
BRDA:173,20,1,0
BRDA:174,21,0,0
BRDA:174,21,1,0
BRDA:177,22,0,0
BRDA:177,22,1,0
BRDA:185,23,0,0
BRDA:185,23,1,0
BRDA:188,24,0,0
BRDA:188,24,1,0
BRDA:189,25,0,0
BRDA:189,25,1,0
BRDA:190,26,0,0
BRDA:190,26,1,0
BRDA:193,27,0,0
BRDA:193,27,1,0
BRDA:201,28,0,0
BRDA:201,28,1,0
BRDA:202,29,0,0
BRDA:202,29,1,0
BRDA:207,30,0,0
BRDA:207,30,1,0
BRDA:222,31,0,0
BRDA:222,31,1,0
BRDA:223,32,0,0
BRDA:223,32,1,0
BRDA:224,33,0,0
BRDA:224,33,1,0
BRDA:225,34,0,0
BRDA:225,34,1,0
BRF:68
BRH:0
end_of_record
TN:
SF:/Users/justin/repos/labrys/v3-core-project-x/contracts/test/SqrtPriceMathTest.sol
FN:7,getNextSqrtPriceFromInput
FN:16,getGasCostOfGetNextSqrtPriceFromInput
FN:27,getNextSqrtPriceFromOutput
FN:36,getGasCostOfGetNextSqrtPriceFromOutput
FN:47,getAmount0Delta
FN:56,getAmount1Delta
FN:65,getGasCostOfGetAmount0Delta
FN:76,getGasCostOfGetAmount1Delta
FNF:8
FNH:0
FNDA:0,getNextSqrtPriceFromInput
FNDA:0,getGasCostOfGetNextSqrtPriceFromInput
FNDA:0,getNextSqrtPriceFromOutput
FNDA:0,getGasCostOfGetNextSqrtPriceFromOutput
FNDA:0,getAmount0Delta
FNDA:0,getAmount1Delta
FNDA:0,getGasCostOfGetAmount0Delta
FNDA:0,getGasCostOfGetAmount1Delta
DA:13,0
DA:22,0
DA:23,0
DA:24,0
DA:33,0
DA:42,0
DA:43,0
DA:44,0
DA:53,0
DA:62,0
DA:71,0
DA:72,0
DA:73,0
DA:82,0
DA:83,0
DA:84,0
LF:16
LH:0
BRF:0
BRH:0
end_of_record
TN:
SF:/Users/justin/repos/labrys/v3-core-project-x/contracts/test/SwapMathEchidnaTest.sol
FN:7,checkComputeSwapStepInvariants
FNF:1
FNH:0
FNDA:0,checkComputeSwapStepInvariants
DA:14,0
DA:15,0
DA:16,0
DA:17,0
DA:19,0
DA:22,0
DA:24,0
DA:25,0
DA:27,0
DA:30,0
DA:31,0
DA:32,0
DA:33,0
DA:34,0
DA:38,0
DA:39,0
DA:44,0
DA:45,0
DA:46,0
DA:48,0
DA:49,0
LF:21
LH:0
BRDA:14,1,0,0
BRDA:14,1,1,0
BRDA:15,2,0,0
BRDA:15,2,1,0
BRDA:16,3,0,0
BRDA:16,3,1,0
BRDA:17,4,0,0
BRDA:17,4,1,0
BRDA:24,5,0,0
BRDA:24,5,1,0
BRDA:30,6,0,0
BRDA:30,6,1,0
BRDA:38,7,0,0
BRDA:38,7,1,0
BRDA:39,8,0,0
BRDA:39,8,1,0
BRDA:44,9,0,0
BRDA:44,9,1,0
BRF:18
BRH:0
end_of_record
TN:
SF:/Users/justin/repos/labrys/v3-core-project-x/contracts/test/SwapMathTest.sol
FN:7,computeSwapStep
FN:26,getGasCostOfComputeSwapStep
FNF:2
FNH:0
FNDA:0,computeSwapStep
FNDA:0,getGasCostOfComputeSwapStep
DA:23,0
DA:33,0
DA:34,0
DA:35,0
LF:4
LH:0
BRF:0
BRH:0
end_of_record
TN:
SF:/Users/justin/repos/labrys/v3-core-project-x/contracts/test/TestERC20.sol
FN:10,constructor
FN:14,mint
FN:20,transfer
FN:33,approve
FN:39,transferFrom
FNF:5
FNH:0
FNDA:0,constructor
FNDA:0,mint
FNDA:0,transfer
FNDA:0,approve
FNDA:0,transferFrom
DA:11,0
DA:15,0
DA:16,0
DA:17,0
DA:21,0
DA:22,0
DA:23,0
DA:25,0
DA:26,0
DA:27,0
DA:29,0
DA:30,0
DA:34,0
DA:35,0
DA:36,0
DA:44,0
DA:45,0
DA:47,0
DA:49,0
DA:50,0
DA:51,0
DA:52,0
DA:53,0
DA:54,0
DA:56,0
DA:57,0
LF:26
LH:0
BRDA:16,1,0,0
BRDA:16,1,1,0
BRDA:22,2,0,0
BRDA:22,2,1,0
BRDA:26,3,0,0
BRDA:26,3,1,0
BRDA:45,4,0,0
BRDA:45,4,1,0
BRDA:50,5,0,0
BRDA:50,5,1,0
BRDA:53,6,0,0
BRDA:53,6,1,0
BRF:12
BRH:0
end_of_record
TN:
SF:/Users/justin/repos/labrys/v3-core-project-x/contracts/test/TestUniswapV3Callee.sol
FN:18,swapExact0For1
FN:27,swap0ForExact1
FN:36,swapExact1For0
FN:45,swap1ForExact0
FN:54,swapToLowerSqrtPrice
FN:62,swapToHigherSqrtPrice
FN:72,uniswapV3SwapCallback
FN:91,mint
FN:103,uniswapV3MintCallback
FN:119,flash
FN:130,uniswapV3FlashCallback
FNF:11
FNH:0
FNDA:0,swapExact0For1
FNDA:0,swap0ForExact1
FNDA:0,swapExact1For0
FNDA:0,swap1ForExact0
FNDA:0,swapToLowerSqrtPrice
FNDA:0,swapToHigherSqrtPrice
FNDA:0,uniswapV3SwapCallback
FNDA:0,mint
FNDA:0,uniswapV3MintCallback
FNDA:0,flash
FNDA:0,uniswapV3FlashCallback
DA:24,0
DA:33,0
DA:42,0
DA:51,0
DA:59,0
DA:67,0
DA:77,0
DA:79,0
DA:81,0
DA:82,0
DA:84,0
DA:87,0
DA:98,0
DA:108,0
DA:110,0
DA:111,0
DA:112,0
DA:113,0
DA:114,0
DA:127,0
DA:135,0
DA:137,0
DA:139,0
DA:140,0
LF:24
LH:0
BRDA:81,1,0,0
BRDA:81,1,1,0
BRDA:83,2,0,0
BRDA:83,2,1,0
BRDA:111,3,0,0
BRDA:111,3,1,0
BRDA:113,4,0,0
BRDA:113,4,1,0
BRDA:139,5,0,0
BRDA:139,5,1,0
BRDA:140,6,0,0
BRDA:140,6,1,0
BRF:12
BRH:0
end_of_record
TN:
SF:/Users/justin/repos/labrys/v3-core-project-x/contracts/test/TestUniswapV3ReentrantCallee.sol
FN:13,swapToReenter
FN:17,uniswapV3SwapCallback
FNF:2
FNH:0
FNDA:0,swapToReenter
FNDA:0,uniswapV3SwapCallback
DA:14,0
DA:23,0
DA:26,0
DA:30,0
DA:31,0
DA:35,0
DA:36,0
DA:40,0
DA:41,0
DA:45,0
DA:46,0
DA:50,0
DA:51,0
DA:54,0
LF:14
LH:0
BRDA:26,1,0,0
BRDA:26,1,1,0
BRDA:31,2,0,0
BRDA:31,2,1,0
BRDA:36,3,0,0
BRDA:36,3,1,0
BRDA:41,4,0,0
BRDA:41,4,1,0
BRDA:46,5,0,0
BRDA:46,5,1,0
BRDA:51,6,0,0
BRDA:51,6,1,0
BRDA:54,7,0,0
BRDA:54,7,1,0
BRF:14
BRH:0
end_of_record
TN:
SF:/Users/justin/repos/labrys/v3-core-project-x/contracts/test/TestUniswapV3Router.sol
FN:15,swapForExact0Multi
FN:33,swapForExact1Multi
FN:52,uniswapV3SwapCallback
FNF:3
FNH:0
FNDA:0,swapForExact0Multi
FNDA:0,swapForExact1Multi
FNDA:0,uniswapV3SwapCallback
DA:21,0
DA:22,0
DA:23,0
DA:39,0
DA:40,0
DA:41,0
DA:57,0
DA:59,0
DA:61,0
DA:63,0
DA:65,0
DA:67,0
DA:68,0
DA:76,0
DA:77,0
DA:83,0
LF:16
LH:0
BRDA:61,1,0,0
BRDA:61,1,1,0
BRDA:76,2,0,0
BRDA:76,2,1,0
BRF:4
BRH:0
end_of_record
TN:
SF:/Users/justin/repos/labrys/v3-core-project-x/contracts/test/TestUniswapV3SwapPay.sol
FN:10,swap
FN:28,uniswapV3SwapCallback
FNF:2
FNH:0
FNDA:0,swap
FNDA:0,uniswapV3SwapCallback
DA:19,0
DA:33,0
DA:35,0
DA:36,0
DA:38,0
LF:5
LH:0
BRDA:35,1,0,0
BRDA:35,1,1,0
BRDA:37,2,0,0
BRDA:37,2,1,0
BRF:4
BRH:0
end_of_record
TN:
SF:/Users/justin/repos/labrys/v3-core-project-x/contracts/test/TickBitmapEchidnaTest.sol
FN:12,isInitialized
FN:17,flipTick
FN:23,checkNextInitializedTickWithinOneWordInvariants
FNF:3
FNH:0
FNDA:0,isInitialized
FNDA:0,flipTick
FNDA:0,checkNextInitializedTickWithinOneWordInvariants
DA:13,0
DA:14,0
DA:18,0
DA:19,0
DA:20,0
DA:24,0
DA:25,0
DA:27,0
DA:28,0
DA:29,0
DA:31,0
DA:32,0
DA:34,0
DA:37,0
DA:38,0
DA:39,0
DA:41,0
DA:42,0
DA:44,0
LF:19
LH:0
BRDA:25,1,0,0
BRDA:25,1,1,0
BRDA:27,2,0,0
BRDA:27,2,1,0
BRDA:37,3,0,0
BRDA:37,3,1,0
BRF:6
BRH:0
end_of_record
TN:
SF:/Users/justin/repos/labrys/v3-core-project-x/contracts/test/TickBitmapTest.sol
FN:11,flipTick
FN:15,getGasCostOfFlipTick
FN:21,nextInitializedTickWithinOneWord
FN:29,getGasCostOfNextInitializedTickWithinOneWord
FN:36,isInitialized
FNF:5
FNH:0
FNDA:0,flipTick
FNDA:0,getGasCostOfFlipTick
FNDA:0,nextInitializedTickWithinOneWord
FNDA:0,getGasCostOfNextInitializedTickWithinOneWord
FNDA:0,isInitialized
DA:12,0
DA:16,0
DA:17,0
DA:18,0
DA:26,0
DA:30,0
DA:31,0
DA:32,0
DA:37,0
DA:38,0
LF:10
LH:0
BRF:0
BRH:0
end_of_record
TN:
SF:/Users/justin/repos/labrys/v3-core-project-x/contracts/test/TickEchidnaTest.sol
FN:7,checkTickSpacingToParametersInvariants
FNF:1
FNH:0
FNDA:0,checkTickSpacingToParametersInvariants
DA:8,0
DA:9,0
DA:11,0
DA:12,0
DA:14,0
DA:17,0
DA:19,0
DA:21,0
DA:23,0
DA:25,0
LF:10
LH:0
BRDA:8,1,0,0
BRDA:8,1,1,0
BRDA:9,2,0,0
BRDA:9,2,1,0
BRF:4
BRH:0
end_of_record
TN:
SF:/Users/justin/repos/labrys/v3-core-project-x/contracts/test/TickMathEchidnaTest.sol
FN:8,checkGetSqrtRatioAtTickInvariants
FN:16,checkGetTickAtSqrtRatioInvariants
FNF:2
FNH:0
FNDA:0,checkGetSqrtRatioAtTickInvariants
FNDA:0,checkGetTickAtSqrtRatioInvariants
DA:9,0
DA:10,0
DA:11,0
DA:12,0
DA:17,0
DA:18,0
DA:19,0
DA:20,0
LF:8
LH:0
BRF:0
BRH:0
end_of_record
TN:
SF:/Users/justin/repos/labrys/v3-core-project-x/contracts/test/TickMathTest.sol
FN:7,getSqrtRatioAtTick
FN:11,getGasCostOfGetSqrtRatioAtTick
FN:17,getTickAtSqrtRatio
FN:21,getGasCostOfGetTickAtSqrtRatio
FN:27,MIN_SQRT_RATIO
FN:31,MAX_SQRT_RATIO
FNF:6
FNH:0
FNDA:0,getSqrtRatioAtTick
FNDA:0,getGasCostOfGetSqrtRatioAtTick
FNDA:0,getTickAtSqrtRatio
FNDA:0,getGasCostOfGetTickAtSqrtRatio
FNDA:0,MIN_SQRT_RATIO
FNDA:0,MAX_SQRT_RATIO
DA:8,0
DA:12,0
DA:13,0
DA:14,0
DA:18,0
DA:22,0
DA:23,0
DA:24,0
DA:28,0
DA:32,0
LF:10
LH:0
BRF:0
BRH:0
end_of_record
TN:
SF:/Users/justin/repos/labrys/v3-core-project-x/contracts/test/TickOverflowSafetyEchidnaTest.sol
FN:25,increaseFeeGrowthGlobal0X128
FN:31,increaseFeeGrowthGlobal1X128
FN:37,setPosition
FN:96,moveToTick
FNF:4
FNH:0
FNDA:0,increaseFeeGrowthGlobal0X128
FNDA:0,increaseFeeGrowthGlobal1X128
FNDA:0,setPosition
FNDA:0,moveToTick
DA:26,0
DA:27,0
DA:28,0
DA:32,0
DA:33,0
DA:34,0
DA:42,0
DA:43,0
DA:44,0
DA:45,0
DA:58,0
DA:72,0
DA:73,0
DA:74,0
DA:75,0
DA:79,0
DA:80,0
DA:81,0
DA:82,0
DA:86,0
DA:88,0
DA:90,0
DA:91,0
DA:92,0
DA:97,0
DA:98,0
DA:99,0
DA:100,0
DA:101,0
DA:102,0
DA:103,0
DA:105,0
DA:106,0
DA:107,0
LF:34
LH:0
BRDA:26,1,0,0
BRDA:26,1,1,0
BRDA:32,2,0,0
BRDA:32,2,1,0
BRDA:42,3,0,0
BRDA:42,3,1,0
BRDA:43,4,0,0
BRDA:43,4,1,0
BRDA:44,5,0,0
BRDA:44,5,1,0
BRDA:72,6,0,0
BRDA:72,6,1,0
BRDA:73,7,0,0
BRDA:73,7,1,0
BRDA:79,8,0,0
BRDA:79,8,1,0
BRDA:80,9,0,0
BRDA:80,9,1,0
BRDA:90,10,0,0
BRDA:90,10,1,0
BRDA:97,11,0,0
BRDA:97,11,1,0
BRDA:98,12,0,0
BRDA:98,12,1,0
BRDA:100,13,0,0
BRDA:100,13,1,0
BRDA:101,14,0,0
BRDA:101,14,1,0
BRDA:105,15,0,0
BRDA:105,15,1,0
BRF:30
BRH:0
end_of_record
TN:
SF:/Users/justin/repos/labrys/v3-core-project-x/contracts/test/TickTest.sol
FN:12,tickSpacingToMaxLiquidityPerTick
FN:16,setTick
FN:20,getFeeGrowthInside
FN:30,update
FN:57,clear
FN:61,cross
FNF:6
FNH:0
FNDA:0,tickSpacingToMaxLiquidityPerTick
FNDA:0,setTick
FNDA:0,getFeeGrowthInside
FNDA:0,update
FNDA:0,clear
FNDA:0,cross
DA:13,0
DA:17,0
DA:27,0
DA:42,0
DA:58,0
DA:69,0
LF:6
LH:0
BRF:0
BRH:0
end_of_record
TN:
SF:/Users/justin/repos/labrys/v3-core-project-x/contracts/test/UniswapV3PoolSwapTest.sol
FN:13,getSwapResult
FN:37,uniswapV3SwapCallback
FNF:2
FNH:0
FNDA:0,getSwapResult
FNDA:0,uniswapV3SwapCallback
DA:26,0
DA:34,0
DA:42,0
DA:44,0
DA:45,0
DA:47,0
LF:6
LH:0
BRDA:44,1,0,0
BRDA:44,1,1,0
BRDA:46,2,0,0
BRDA:46,2,1,0
BRF:4
BRH:0
end_of_record
TN:
SF:/Users/justin/repos/labrys/v3-core-project-x/contracts/test/UnsafeMathEchidnaTest.sol
FN:7,checkDivRoundingUp
FNF:1
FNH:0
FNDA:0,checkDivRoundingUp
DA:8,0
DA:9,0
DA:10,0
DA:11,0
DA:12,0
DA:14,0
LF:6
LH:0
BRDA:8,1,0,0
BRDA:8,1,1,0
BRDA:11,2,0,0
BRDA:11,2,1,0
BRF:4
BRH:0
end_of_record
TN:
SF:/Users/justin/repos/labrys/v3-core-project-x/contracts/UniswapV3Factory.sol
FN:22,constructor
FN:39,createPool
FN:54,setOwner
FN:61,enableFeeAmount
FNF:4
FNH:0
FNDA:0,constructor
FNDA:0,createPool
FNDA:0,setOwner
FNDA:0,enableFeeAmount
DA:23,0
DA:24,0
DA:26,0
DA:27,0
DA:28,0
DA:29,0
DA:30,0
DA:31,0
DA:40,0
DA:41,0
DA:42,0
DA:43,0
DA:44,0
DA:45,0
DA:46,0
DA:47,0
DA:49,0
DA:50,0
DA:55,0
DA:56,0
DA:57,0
DA:62,0
DA:63,0
DA:67,0
DA:68,0
DA:70,0
DA:71,0
LF:27
LH:0
BRDA:40,1,0,0
BRDA:40,1,1,0
BRDA:42,2,0,0
BRDA:42,2,1,0
BRDA:44,3,0,0
BRDA:44,3,1,0
BRDA:45,4,0,0
BRDA:45,4,1,0
BRDA:55,5,0,0
BRDA:55,5,1,0
BRDA:62,6,0,0
BRDA:62,6,1,0
BRDA:63,7,0,0
BRDA:63,7,1,0
BRDA:67,8,0,0
BRDA:67,8,1,0
BRDA:68,9,0,0
BRDA:68,9,1,0
BRF:18
BRH:0
end_of_record
TN:
SF:/Users/justin/repos/labrys/v3-core-project-x/contracts/UniswapV3Pool.sol
FN:104,lock
FN:112,onlyFactoryOwner
FN:117,constructor
FN:129,checkTicks
FN:136,_blockTimestamp
FN:143,balance0
FN:153,balance1
FN:165,snapshotCumulativesInside
FN:243,observe
FN:262,increaseObservationCardinalityNext
FN:274,initialize
FN:311,_modifyPosition
FN:382,_updatePosition
FN:466,mint
FN:499,collect
FN:524,burn
FN:605,swap
FN:799,flash
FN:840,setFeeProtocol
FN:855,collectProtocol
FNF:20
FNH:0
FNDA:0,lock
FNDA:0,onlyFactoryOwner
FNDA:0,constructor
FNDA:0,checkTicks
FNDA:0,_blockTimestamp
FNDA:0,balance0
FNDA:0,balance1
FNDA:0,snapshotCumulativesInside
FNDA:0,observe
FNDA:0,increaseObservationCardinalityNext
FNDA:0,initialize
FNDA:0,_modifyPosition
FNDA:0,_updatePosition
FNDA:0,mint
FNDA:0,collect
FNDA:0,burn
FNDA:0,swap
FNDA:0,flash
FNDA:0,setFeeProtocol
FNDA:0,collectProtocol
DA:105,0
DA:106,0
DA:107,0
DA:108,0
DA:113,0
DA:114,0
DA:118,0
DA:119,0
DA:120,0
DA:122,0
DA:125,0
DA:130,0
DA:131,0
DA:132,0
DA:137,0
DA:144,0
DA:146,0
DA:147,0
DA:154,0
DA:156,0
DA:157,0
DA:172,0
DA:174,0
DA:175,0
DA:176,0
DA:177,0
DA:178,0
DA:179,0
DA:181,0
DA:182,0
DA:183,0
DA:184,0
DA:185,0
DA:191,0
DA:193,0
DA:194,0
DA:200,0
DA:203,0
DA:205,0
DA:206,0
DA:212,0
DA:213,0
DA:222,0
DA:230,0
DA:246,0
DA:264,0
DA:265,0
DA:267,0
DA:268,0
DA:269,0
DA:275,0
DA:277,0
DA:279,0
DA:281,0
DA:291,0
DA:318,0
DA:320,0
DA:322,0
DA:330,0
DA:331,0
DA:334,0
DA:341,0
DA:344,0
DA:353,0
DA:358,0
DA:364,0
DA:368,0
DA:389,0
DA:391,0
DA:392,0
DA:395,0
DA:396,0
DA:397,0
DA:398,0
DA:399,0
DA:409,0
DA:421,0
DA:434,0
DA:435,0
DA:437,0
DA:438,0
DA:442,0
DA:445,0
DA:448,0
DA:449,0
DA:450,0
DA:452,0
DA:453,0
DA:467,0
DA:468,0
DA:478,0
DA:479,0
DA:481,0
DA:482,0
DA:483,0
DA:484,0
DA:485,0
DA:486,0
DA:487,0
DA:489,0
DA:501,0
DA:503,0
DA:504,0
DA:506,0
DA:507,0
DA:508,0
DA:510,0
DA:511,0
DA:512,0
DA:515,0
DA:525,0
DA:535,0
DA:536,0
DA:538,0
DA:539,0
DA:545,0
DA:606,0
DA:608,0
DA:610,0
DA:611,0
DA:618,0
DA:620,0
DA:630,0
DA:632,0
DA:644,0
DA:645,0
DA:647,0
DA:649,0
DA:656,0
DA:657,0
DA:659,0
DA:663,0
DA:666,0
DA:676,0
DA:677,0
DA:678,0
DA:680,0
DA:681,0
DA:685,0
DA:686,0
DA:687,0
DA:688,0
DA:692,0
DA:693,0
DA:696,0
DA:698,0
DA:701,0
DA:702,0
DA:710,0
DA:712,0
DA:723,0
DA:725,0
DA:728,0
DA:731,0
DA:736,0
DA:737,0
DA:746,0
DA:754,0
DA:758,0
DA:762,0
DA:763,0
DA:764,0
DA:766,0
DA:767,0
DA:770,0
DA:775,0
DA:776,0
DA:778,0
DA:779,0
DA:780,0
DA:782,0
DA:784,0
DA:785,0
DA:786,0
DA:789,0
DA:790,0
DA:800,0
DA:801,0
DA:803,0
DA:804,0
DA:805,0
DA:806,0
DA:808,0
DA:809,0
DA:811,0
DA:813,0
DA:814,0
DA:816,0
DA:817,0
DA:820,0
DA:821,0
DA:823,0
DA:824,0
DA:825,0
DA:826,0
DA:827,0
DA:829,0
DA:830,0
DA:831,0
DA:832,0
DA:833,0
DA:836,0
DA:841,0
DA:845,0
DA:846,0
DA:847,0
DA:856,0
DA:857,0
DA:859,0
DA:860,0
DA:861,0
DA:862,0
DA:864,0
DA:865,0
DA:866,0
DA:867,0
DA:870,0
LF:217
LH:0
BRDA:105,1,0,0
BRDA:105,1,1,0
BRDA:113,2,0,0
BRDA:113,2,1,0
BRDA:130,3,0,0
BRDA:130,3,1,0
BRDA:131,4,0,0
BRDA:131,4,1,0
BRDA:132,5,0,0
BRDA:132,5,1,0
BRDA:146,6,0,0
BRDA:146,6,1,0
BRDA:156,7,0,0
BRDA:156,7,1,0
BRDA:191,8,0,0
BRDA:191,8,1,0
BRDA:200,9,0,0
BRDA:200,9,1,0
BRDA:205,10,0,0
BRDA:205,10,1,0
BRDA:211,11,0,0
BRDA:211,11,1,0
BRDA:268,12,0,0
BRDA:268,12,1,0
BRDA:275,13,0,0
BRDA:275,13,1,0
BRDA:330,14,0,0
BRDA:330,14,1,0
BRDA:331,15,0,0
BRDA:331,15,1,0
BRDA:339,16,0,0
BRDA:339,16,1,0
BRDA:397,17,0,0
BRDA:397,17,1,0
BRDA:434,18,0,0
BRDA:434,18,1,0
BRDA:437,19,0,0
BRDA:437,19,1,0
BRDA:448,20,0,0
BRDA:448,20,1,0
BRDA:449,21,0,0
BRDA:449,21,1,0
BRDA:452,22,0,0
BRDA:452,22,1,0
BRDA:467,23,0,0
BRDA:467,23,1,0
BRDA:483,24,0,0
BRDA:483,24,1,0
BRDA:484,25,0,0
BRDA:484,25,1,0
BRDA:486,26,0,0
BRDA:486,26,1,0
BRDA:486,27,0,0
BRDA:486,27,1,0
BRDA:487,28,0,0
BRDA:487,28,1,0
BRDA:487,29,0,0
BRDA:487,29,1,0
BRDA:506,30,0,0
BRDA:506,30,1,0
BRDA:510,31,0,0
BRDA:510,31,1,0
BRDA:538,32,0,0
BRDA:538,32,1,0
BRDA:606,33,0,0
BRDA:606,33,1,0
BRDA:610,34,0,0
BRDA:610,34,1,0
BRDA:611,35,0,0
BRDA:611,35,1,0
BRDA:656,36,0,0
BRDA:656,36,1,0
BRDA:658,37,0,0
BRDA:658,37,1,0
BRDA:676,38,0,0
BRDA:676,38,1,0
BRDA:685,39,0,0
BRDA:685,39,1,0
BRDA:692,40,0,0
BRDA:692,40,1,0
BRDA:696,41,0,0
BRDA:696,41,1,0
BRDA:698,42,0,0
BRDA:698,42,1,0
BRDA:701,43,0,0
BRDA:701,43,1,0
BRDA:723,44,0,0
BRDA:723,44,1,0
BRDA:729,45,0,0
BRDA:729,45,1,0
BRDA:736,46,0,0
BRDA:736,46,1,0
BRDA:758,47,0,0
BRDA:758,47,1,0
BRDA:762,48,0,0
BRDA:762,48,1,0
BRDA:764,49,0,0
BRDA:764,49,1,0
BRDA:767,50,0,0
BRDA:767,50,1,0
BRDA:775,51,0,0
BRDA:775,51,1,0
BRDA:776,52,0,0
BRDA:776,52,1,0
BRDA:780,53,0,0
BRDA:780,53,1,0
BRDA:782,54,0,0
BRDA:782,54,1,0
BRDA:786,55,0,0
BRDA:786,55,1,0
BRDA:801,56,0,0
BRDA:801,56,1,0
BRDA:808,57,0,0
BRDA:808,57,1,0
BRDA:809,58,0,0
BRDA:809,58,1,0
BRDA:816,59,0,0
BRDA:816,59,1,0
BRDA:817,60,0,0
BRDA:817,60,1,0
BRDA:823,61,0,0
BRDA:823,61,1,0
BRDA:826,62,0,0
BRDA:826,62,1,0
BRDA:829,63,0,0
BRDA:829,63,1,0
BRDA:832,64,0,0
BRDA:832,64,1,0
BRDA:841,65,0,0
BRDA:841,65,1,0
BRDA:859,66,0,0
BRDA:859,66,1,0
BRDA:860,67,0,0
BRDA:860,67,1,0
BRDA:864,68,0,0
BRDA:864,68,1,0
BRDA:865,69,0,0
BRDA:865,69,1,0
BRF:138
BRH:0
end_of_record
TN:
SF:/Users/justin/repos/labrys/v3-core-project-x/contracts/UniswapV3PoolDeployer.sol
FN:27,deploy
FNF:1
FNH:0
FNDA:0,deploy
DA:34,0
DA:35,0
DA:36,0
LF:3
LH:0
BRF:0
BRH:0
end_of_record
